#
# A fatal error has been detected by the Java Runtime Environment:
#
#  EXCEPTION_ACCESS_VIOLATION (0xc0000005) at pc=0x00007ffe3a2a6fb5, pid=12016, tid=4972
#
# JRE version: OpenJDK Runtime Environment Corretto-11.0.14.10.1 (11.0.14.1+10) (build 11.0.14.1+10-LTS)
# Java VM: OpenJDK 64-Bit Server VM Corretto-11.0.14.10.1 (11.0.14.1+10-LTS, mixed mode, tiered, compressed oops, g1 gc, windows-amd64)
# Problematic frame:
# C  [igxelpicd64.dll+0x46fb5]
#
# No core dump will be written. Minidumps are not enabled by default on client versions of Windows
#
# If you would like to submit a bug report, please visit:
#   https://github.com/corretto/corretto-11/issues/
# The crash happened outside the Java Virtual Machine in native code.
# See problematic frame for where to report the bug.
#

---------------  S U M M A R Y ------------

Command Line: -Dfile.encoding=windows-1252 -Duser.country=US -Duser.language=en -Duser.variant Main

Host: 11th Gen Intel(R) Core(TM) i7-11800H @ 2.30GHz, 16 cores, 15G,  Windows 11 , 64 bit Build 22000 (10.0.22000.675)
Time: Sun Jun  5 12:47:32 2022 Eastern Daylight Time elapsed time: 1.004026 seconds (0d 0h 0m 1s)

---------------  T H R E A D  ---------------

Current thread (0x000002086496e000):  JavaThread "main" [_thread_in_native, id=4972, stack(0x0000004cc7e00000,0x0000004cc7f00000)]

Stack: [0x0000004cc7e00000,0x0000004cc7f00000],  sp=0x0000004cc7efe540,  free space=1017k
Native frames: (J=compiled Java code, j=interpreted, Vv=VM code, C=native code)
C  [igxelpicd64.dll+0x46fb5]

Java frames: (J=compiled Java code, j=interpreted, Vv=VM code)
j  org.lwjgl.opengl.GL11C.nglTexImage2D(IIIIIIIIJ)V+0
j  org.lwjgl.opengl.GL11C.glTexImage2D(IIIIIIIILjava/nio/ByteBuffer;)V+17
j  org.lwjgl.opengl.GL11.glTexImage2D(IIIIIIIILjava/nio/ByteBuffer;)V+14
j  renderer.Texture.<init>(Ljava/lang/String;)V+132
j  LevelEditorScene.init()V+45
j  window.scene.SceneManager.setScene(I)V+83
j  window.Window.setScene(I)V+5
j  window.Window.run()V+20
j  Main.main([Ljava/lang/String;)V+12
v  ~StubRoutines::call_stub

siginfo: EXCEPTION_ACCESS_VIOLATION (0xc0000005), reading address 0x0000020817679000


Register to memory mapping:

RIP=0x00007ffe3a2a6fb5 igxelpicd64.dll
RAX=0x000000000001519f is an unknown value
RBX=0x00000208184a0000 points into unknown readable memory: 0xffffffffffffffff | ff ff ff ff ff ff ff ff
RCX=0x00000000000151a0 is an unknown value
RDX=0x0000020817678fc0 points into unknown readable memory: 0x0000000000000000 | 00 00 00 00 00 00 00 00
RSP=0x0000004cc7efe540 is pointing into the stack for thread: 0x000002086496e000
RBP=0x0000004cc7efe670 is pointing into the stack for thread: 0x000002086496e000
RSI=0x0 is NULL
RDI=0x0000020818f2cf80 points into unknown readable memory: 0x0000000000000000 | 00 00 00 00 00 00 00 00
R8 =0x0000000000e10000 is an unknown value
R9 =0x000000000001c200 is an unknown value
R10=0x0 is NULL
R11=0x0000004cc7efe5c0 is pointing into the stack for thread: 0x000002086496e000
R12=0x0 is NULL
R13=0x0000000000000001 is an unknown value
R14=0x0000004cc7efe750 is pointing into the stack for thread: 0x000002086496e000
R15=0x0 is NULL


Registers:
RAX=0x000000000001519f, RBX=0x00000208184a0000, RCX=0x00000000000151a0, RDX=0x0000020817678fc0
RSP=0x0000004cc7efe540, RBP=0x0000004cc7efe670, RSI=0x0000000000000000, RDI=0x0000020818f2cf80
R8 =0x0000000000e10000, R9 =0x000000000001c200, R10=0x0000000000000000, R11=0x0000004cc7efe5c0
R12=0x0000000000000000, R13=0x0000000000000001, R14=0x0000004cc7efe750, R15=0x0000000000000000
RIP=0x00007ffe3a2a6fb5, EFLAGS=0x0000000000010217

Top of Stack: (sp=0x0000004cc7efe540)
0x0000004cc7efe540:   0000000000000000 0000000000000000
0x0000004cc7efe550:   0000000000000000 0000000000000000
0x0000004cc7efe560:   0000020816bec040 00007ffe3a496004
0x0000004cc7efe570:   0000020816bec040 0000004cc7efe670
0x0000004cc7efe580:   0000000000000000 0000000000000000
0x0000004cc7efe590:   00000208184a0049 0000000000000001
0x0000004cc7efe5a0:   0000020816bec040 0000000000000000
0x0000004cc7efe5b0:   0000000000000002 000002080a40dd90
0x0000004cc7efe5c0:   00007ffe3ad6a8b0 000002080a3d9240
0x0000004cc7efe5d0:   0000078000000780 0000004900000000
0x0000004cc7efe5e0:   00001e0000000004 0000020816bec040
0x0000004cc7efe5f0:   0000000400000049 0000020800001e00
0x0000004cc7efe600:   00000208184a0000 000002080a36d470
0x0000004cc7efe610:   0000020800001e00 00000208184a0000
0x0000004cc7efe620:   0000000000000000 000002080a18a9b0
0x0000004cc7efe630:   0000000000000035 0000020800000780 

Instructions: (pc=0x00007ffe3a2a6fb5)
0x00007ffe3a2a6eb5:   e9 07 f6 c2 0f 0f 84 d4 00 00 00 4d 85 c9 74 6a
0x00007ffe3a2a6ec5:   66 66 66 0f 1f 84 00 00 00 00 00 f3 0f 6f 02 ff
0x00007ffe3a2a6ed5:   c1 f3 0f 6f 4a 10 8b c1 f3 0f 6f 52 20 f3 0f 6f
0x00007ffe3a2a6ee5:   5a 30 f3 0f 6f 62 40 f3 0f 6f 6a 50 f3 0f 6f 72
0x00007ffe3a2a6ef5:   60 f3 0f 6f 7a 70 66 0f e7 07 66 0f e7 4f 10 66
0x00007ffe3a2a6f05:   0f e7 57 20 66 0f e7 5f 30 66 0f e7 67 40 66 0f
0x00007ffe3a2a6f15:   e7 6f 50 66 0f e7 77 60 66 0f e7 7f 70 48 83 ef
0x00007ffe3a2a6f25:   80 48 83 ea 80 49 3b c1 72 a1 41 83 e0 7f 0f 85
0x00007ffe3a2a6f35:   05 01 00 00 0f 28 74 24 10 0f 28 3c 24 41 83 e0
0x00007ffe3a2a6f45:   0f 75 06 48 83 c4 20 5f c3 49 8b c8 45 8b ca 48
0x00007ffe3a2a6f55:   c1 e9 02 48 85 c9 74 17 8b 02 41 ff c1 89 07 48
0x00007ffe3a2a6f65:   83 c2 04 48 83 c7 04 41 8b c1 48 3b c1 72 e9 41
0x00007ffe3a2a6f75:   83 e0 03 76 ce 48 2b d7 0f b6 04 3a 41 ff c2 88
0x00007ffe3a2a6f85:   07 48 8d 7f 01 41 8b c2 49 3b c0 72 eb eb b4 4d
0x00007ffe3a2a6f95:   85 c9 74 66 0f 1f 80 00 00 00 00 f3 0f 6f 02 ff
0x00007ffe3a2a6fa5:   c1 f3 0f 6f 4a 10 f3 0f 6f 52 20 f3 0f 6f 5a 30
0x00007ffe3a2a6fb5:   f3 0f 6f 62 40 f3 0f 6f 6a 50 f3 0f 6f 72 60 f3
0x00007ffe3a2a6fc5:   0f 6f 7a 70 48 83 ea 80 66 0f e7 07 66 0f e7 4f
0x00007ffe3a2a6fd5:   10 66 0f e7 57 20 66 0f e7 5f 30 66 0f e7 67 40
0x00007ffe3a2a6fe5:   66 0f e7 6f 50 66 0f e7 77 60 66 0f e7 7f 70 48
0x00007ffe3a2a6ff5:   83 ef 80 8b c1 49 3b c1 72 a1 41 83 e0 7f 0f 84
0x00007ffe3a2a7005:   30 ff ff ff 45 8b c8 41 8b ca 49 c1 e9 04 4d 85
0x00007ffe3a2a7015:   c9 0f 84 1d ff ff ff 0f 1f 40 00 f3 0f 6f 02 ff
0x00007ffe3a2a7025:   c1 66 0f e7 07 48 83 c7 10 8b c1 48 83 c2 10 49
0x00007ffe3a2a7035:   3b c1 72 e7 e9 fb fe ff ff 49 8b c8 45 8b ca 48
0x00007ffe3a2a7045:   c1 e9 04 48 85 c9 0f 84 e8 fe ff ff f3 0f 6f 02
0x00007ffe3a2a7055:   41 ff c1 48 83 c2 10 41 8b c1 66 0f e7 07 48 83
0x00007ffe3a2a7065:   c7 10 48 3b c1 72 e5 e9 c8 fe ff ff 66 0f 6f 0d
0x00007ffe3a2a7075:   27 1e bf 00 b8 10 00 00 00 2b c1 8b c8 b8 0f 00
0x00007ffe3a2a7085:   00 00 2a c1 0f be c0 66 0f 6e c0 66 0f 60 c0 66
0x00007ffe3a2a7095:   0f 61 c0 66 0f 70 c0 00 66 0f 64 c8 f3 0f 6f 02
0x00007ffe3a2a70a5:   48 03 d1 66 0f f7 c1 48 03 f9 e9 eb fd ff ff 4c 


Stack slot to memory mapping:
stack at sp + 0 slots: 0x0 is NULL
stack at sp + 1 slots: 0x0 is NULL
stack at sp + 2 slots: 0x0 is NULL
stack at sp + 3 slots: 0x0 is NULL
stack at sp + 4 slots: 0x0000020816bec040 points into unknown readable memory: 0xffffffffffffffff | ff ff ff ff ff ff ff ff
stack at sp + 5 slots: 0x00007ffe3a496004 igxelpicd64.dll
stack at sp + 6 slots: 0x0000020816bec040 points into unknown readable memory: 0xffffffffffffffff | ff ff ff ff ff ff ff ff
stack at sp + 7 slots: 0x0000004cc7efe670 is pointing into the stack for thread: 0x000002086496e000


---------------  P R O C E S S  ---------------

Threads class SMR info:
_java_thread_list=0x000002087fe13940, length=13, elements={
0x000002086496e000, 0x000002087f26b000, 0x000002087f26e000, 0x000002087fb64000,
0x000002087fb67800, 0x000002087fb6b800, 0x000002087fb6c800, 0x000002087fb72000,
0x000002087fb73000, 0x000002087faf0800, 0x000002087fd1b000, 0x00000208152a3000,
0x000002087fe6d800
}

Java Threads: ( => current thread )
=>0x000002086496e000 JavaThread "main" [_thread_in_native, id=4972, stack(0x0000004cc7e00000,0x0000004cc7f00000)]
  0x000002087f26b000 JavaThread "Reference Handler" daemon [_thread_blocked, id=26512, stack(0x0000004cc8500000,0x0000004cc8600000)]
  0x000002087f26e000 JavaThread "Finalizer" daemon [_thread_blocked, id=24408, stack(0x0000004cc8600000,0x0000004cc8700000)]
  0x000002087fb64000 JavaThread "Signal Dispatcher" daemon [_thread_blocked, id=24816, stack(0x0000004cc8700000,0x0000004cc8800000)]
  0x000002087fb67800 JavaThread "Attach Listener" daemon [_thread_blocked, id=2780, stack(0x0000004cc8800000,0x0000004cc8900000)]
  0x000002087fb6b800 JavaThread "Service Thread" daemon [_thread_blocked, id=27004, stack(0x0000004cc8900000,0x0000004cc8a00000)]
  0x000002087fb6c800 JavaThread "C2 CompilerThread0" daemon [_thread_blocked, id=18916, stack(0x0000004cc8a00000,0x0000004cc8b00000)]
  0x000002087fb72000 JavaThread "C1 CompilerThread0" daemon [_thread_blocked, id=26168, stack(0x0000004cc8b00000,0x0000004cc8c00000)]
  0x000002087fb73000 JavaThread "Sweeper thread" daemon [_thread_blocked, id=9896, stack(0x0000004cc8c00000,0x0000004cc8d00000)]
  0x000002087faf0800 JavaThread "C1 CompilerThread1" daemon [_thread_blocked, id=18636, stack(0x0000004cc8d00000,0x0000004cc8e00000)]
  0x000002087fd1b000 JavaThread "Common-Cleaner" daemon [_thread_blocked, id=18420, stack(0x0000004cc8f00000,0x0000004cc9000000)]
  0x00000208152a3000 JavaThread "C1 CompilerThread2" daemon [_thread_blocked, id=16160, stack(0x0000004cc9000000,0x0000004cc9100000)]
  0x000002087fe6d800 JavaThread "C1 CompilerThread3" daemon [_thread_blocked, id=16080, stack(0x0000004cc9600000,0x0000004cc9700000)]

Other Threads:
  0x000002087f259000 VMThread "VM Thread" [stack: 0x0000004cc8400000,0x0000004cc8500000] [id=25200]
  0x000002087fd13000 WatcherThread [stack: 0x0000004cc8e00000,0x0000004cc8f00000] [id=9076]
  0x0000020864988800 GCTaskThread "GC Thread#0" [stack: 0x0000004cc7f00000,0x0000004cc8000000] [id=20548]
  0x00000208649e6000 ConcurrentGCThread "G1 Main Marker" [stack: 0x0000004cc8000000,0x0000004cc8100000] [id=9212]
  0x00000208649e7800 ConcurrentGCThread "G1 Conc#0" [stack: 0x0000004cc8100000,0x0000004cc8200000] [id=12336]
  0x000002087f13d800 ConcurrentGCThread "G1 Refine#0" [stack: 0x0000004cc8200000,0x0000004cc8300000] [id=11232]
  0x000002087f13e800 ConcurrentGCThread "G1 Young RemSet Sampling" [stack: 0x0000004cc8300000,0x0000004cc8400000] [id=5000]

Threads with active compile tasks:

VM state:not at safepoint (normal execution)

VM Mutex/Monitor currently owned by a thread: None

Heap address: 0x0000000703a00000, size: 4038 MB, Compressed Oops mode: Zero based, Oop shift amount: 3
Narrow klass base: 0x0000000800000000, Narrow klass shift: 0
Compressed class space size: 1073741824 Address: 0x0000000800000000

Heap:
 garbage-first heap   total 260096K, used 16384K [0x0000000703a00000, 0x0000000800000000)
  region size 1024K, 18 young (18432K), 0 survivors (0K)
 Metaspace       used 11835K, capacity 12073K, committed 12160K, reserved 1060864K
  class space    used 801K, capacity 880K, committed 896K, reserved 1048576K
Heap Regions: E=young(eden), S=young(survivor), O=old, HS=humongous(starts), HC=humongous(continues), CS=collection set, F=free, A=archive, TAMS=top-at-mark-start (previous, next)
|   0|0x0000000703a00000, 0x0000000703a00000, 0x0000000703b00000|  0%| F|  |TAMS 0x0000000703a00000, 0x0000000703a00000| Untracked 
|   1|0x0000000703b00000, 0x0000000703b00000, 0x0000000703c00000|  0%| F|  |TAMS 0x0000000703b00000, 0x0000000703b00000| Untracked 
|   2|0x0000000703c00000, 0x0000000703c00000, 0x0000000703d00000|  0%| F|  |TAMS 0x0000000703c00000, 0x0000000703c00000| Untracked 
|   3|0x0000000703d00000, 0x0000000703d00000, 0x0000000703e00000|  0%| F|  |TAMS 0x0000000703d00000, 0x0000000703d00000| Untracked 
|   4|0x0000000703e00000, 0x0000000703e00000, 0x0000000703f00000|  0%| F|  |TAMS 0x0000000703e00000, 0x0000000703e00000| Untracked 
|   5|0x0000000703f00000, 0x0000000703f00000, 0x0000000704000000|  0%| F|  |TAMS 0x0000000703f00000, 0x0000000703f00000| Untracked 
|   6|0x0000000704000000, 0x0000000704000000, 0x0000000704100000|  0%| F|  |TAMS 0x0000000704000000, 0x0000000704000000| Untracked 
|   7|0x0000000704100000, 0x0000000704100000, 0x0000000704200000|  0%| F|  |TAMS 0x0000000704100000, 0x0000000704100000| Untracked 
|   8|0x0000000704200000, 0x0000000704200000, 0x0000000704300000|  0%| F|  |TAMS 0x0000000704200000, 0x0000000704200000| Untracked 
|   9|0x0000000704300000, 0x0000000704300000, 0x0000000704400000|  0%| F|  |TAMS 0x0000000704300000, 0x0000000704300000| Untracked 
|  10|0x0000000704400000, 0x0000000704400000, 0x0000000704500000|  0%| F|  |TAMS 0x0000000704400000, 0x0000000704400000| Untracked 
|  11|0x0000000704500000, 0x0000000704500000, 0x0000000704600000|  0%| F|  |TAMS 0x0000000704500000, 0x0000000704500000| Untracked 
|  12|0x0000000704600000, 0x0000000704600000, 0x0000000704700000|  0%| F|  |TAMS 0x0000000704600000, 0x0000000704600000| Untracked 
|  13|0x0000000704700000, 0x0000000704700000, 0x0000000704800000|  0%| F|  |TAMS 0x0000000704700000, 0x0000000704700000| Untracked 
|  14|0x0000000704800000, 0x0000000704800000, 0x0000000704900000|  0%| F|  |TAMS 0x0000000704800000, 0x0000000704800000| Untracked 
|  15|0x0000000704900000, 0x0000000704900000, 0x0000000704a00000|  0%| F|  |TAMS 0x0000000704900000, 0x0000000704900000| Untracked 
|  16|0x0000000704a00000, 0x0000000704a00000, 0x0000000704b00000|  0%| F|  |TAMS 0x0000000704a00000, 0x0000000704a00000| Untracked 
|  17|0x0000000704b00000, 0x0000000704b00000, 0x0000000704c00000|  0%| F|  |TAMS 0x0000000704b00000, 0x0000000704b00000| Untracked 
|  18|0x0000000704c00000, 0x0000000704c00000, 0x0000000704d00000|  0%| F|  |TAMS 0x0000000704c00000, 0x0000000704c00000| Untracked 
|  19|0x0000000704d00000, 0x0000000704d00000, 0x0000000704e00000|  0%| F|  |TAMS 0x0000000704d00000, 0x0000000704d00000| Untracked 
|  20|0x0000000704e00000, 0x0000000704e00000, 0x0000000704f00000|  0%| F|  |TAMS 0x0000000704e00000, 0x0000000704e00000| Untracked 
|  21|0x0000000704f00000, 0x0000000704f00000, 0x0000000705000000|  0%| F|  |TAMS 0x0000000704f00000, 0x0000000704f00000| Untracked 
|  22|0x0000000705000000, 0x0000000705000000, 0x0000000705100000|  0%| F|  |TAMS 0x0000000705000000, 0x0000000705000000| Untracked 
|  23|0x0000000705100000, 0x0000000705100000, 0x0000000705200000|  0%| F|  |TAMS 0x0000000705100000, 0x0000000705100000| Untracked 
|  24|0x0000000705200000, 0x0000000705200000, 0x0000000705300000|  0%| F|  |TAMS 0x0000000705200000, 0x0000000705200000| Untracked 
|  25|0x0000000705300000, 0x0000000705300000, 0x0000000705400000|  0%| F|  |TAMS 0x0000000705300000, 0x0000000705300000| Untracked 
|  26|0x0000000705400000, 0x0000000705400000, 0x0000000705500000|  0%| F|  |TAMS 0x0000000705400000, 0x0000000705400000| Untracked 
|  27|0x0000000705500000, 0x0000000705500000, 0x0000000705600000|  0%| F|  |TAMS 0x0000000705500000, 0x0000000705500000| Untracked 
|  28|0x0000000705600000, 0x0000000705600000, 0x0000000705700000|  0%| F|  |TAMS 0x0000000705600000, 0x0000000705600000| Untracked 
|  29|0x0000000705700000, 0x0000000705700000, 0x0000000705800000|  0%| F|  |TAMS 0x0000000705700000, 0x0000000705700000| Untracked 
|  30|0x0000000705800000, 0x0000000705800000, 0x0000000705900000|  0%| F|  |TAMS 0x0000000705800000, 0x0000000705800000| Untracked 
|  31|0x0000000705900000, 0x0000000705900000, 0x0000000705a00000|  0%| F|  |TAMS 0x0000000705900000, 0x0000000705900000| Untracked 
|  32|0x0000000705a00000, 0x0000000705a00000, 0x0000000705b00000|  0%| F|  |TAMS 0x0000000705a00000, 0x0000000705a00000| Untracked 
|  33|0x0000000705b00000, 0x0000000705b00000, 0x0000000705c00000|  0%| F|  |TAMS 0x0000000705b00000, 0x0000000705b00000| Untracked 
|  34|0x0000000705c00000, 0x0000000705c00000, 0x0000000705d00000|  0%| F|  |TAMS 0x0000000705c00000, 0x0000000705c00000| Untracked 
|  35|0x0000000705d00000, 0x0000000705d00000, 0x0000000705e00000|  0%| F|  |TAMS 0x0000000705d00000, 0x0000000705d00000| Untracked 
|  36|0x0000000705e00000, 0x0000000705e00000, 0x0000000705f00000|  0%| F|  |TAMS 0x0000000705e00000, 0x0000000705e00000| Untracked 
|  37|0x0000000705f00000, 0x0000000705f00000, 0x0000000706000000|  0%| F|  |TAMS 0x0000000705f00000, 0x0000000705f00000| Untracked 
|  38|0x0000000706000000, 0x0000000706000000, 0x0000000706100000|  0%| F|  |TAMS 0x0000000706000000, 0x0000000706000000| Untracked 
|  39|0x0000000706100000, 0x0000000706100000, 0x0000000706200000|  0%| F|  |TAMS 0x0000000706100000, 0x0000000706100000| Untracked 
|  40|0x0000000706200000, 0x0000000706200000, 0x0000000706300000|  0%| F|  |TAMS 0x0000000706200000, 0x0000000706200000| Untracked 
|  41|0x0000000706300000, 0x0000000706300000, 0x0000000706400000|  0%| F|  |TAMS 0x0000000706300000, 0x0000000706300000| Untracked 
|  42|0x0000000706400000, 0x0000000706400000, 0x0000000706500000|  0%| F|  |TAMS 0x0000000706400000, 0x0000000706400000| Untracked 
|  43|0x0000000706500000, 0x0000000706500000, 0x0000000706600000|  0%| F|  |TAMS 0x0000000706500000, 0x0000000706500000| Untracked 
|  44|0x0000000706600000, 0x0000000706600000, 0x0000000706700000|  0%| F|  |TAMS 0x0000000706600000, 0x0000000706600000| Untracked 
|  45|0x0000000706700000, 0x0000000706700000, 0x0000000706800000|  0%| F|  |TAMS 0x0000000706700000, 0x0000000706700000| Untracked 
|  46|0x0000000706800000, 0x0000000706800000, 0x0000000706900000|  0%| F|  |TAMS 0x0000000706800000, 0x0000000706800000| Untracked 
|  47|0x0000000706900000, 0x0000000706900000, 0x0000000706a00000|  0%| F|  |TAMS 0x0000000706900000, 0x0000000706900000| Untracked 
|  48|0x0000000706a00000, 0x0000000706a00000, 0x0000000706b00000|  0%| F|  |TAMS 0x0000000706a00000, 0x0000000706a00000| Untracked 
|  49|0x0000000706b00000, 0x0000000706b00000, 0x0000000706c00000|  0%| F|  |TAMS 0x0000000706b00000, 0x0000000706b00000| Untracked 
|  50|0x0000000706c00000, 0x0000000706c00000, 0x0000000706d00000|  0%| F|  |TAMS 0x0000000706c00000, 0x0000000706c00000| Untracked 
|  51|0x0000000706d00000, 0x0000000706d00000, 0x0000000706e00000|  0%| F|  |TAMS 0x0000000706d00000, 0x0000000706d00000| Untracked 
|  52|0x0000000706e00000, 0x0000000706e00000, 0x0000000706f00000|  0%| F|  |TAMS 0x0000000706e00000, 0x0000000706e00000| Untracked 
|  53|0x0000000706f00000, 0x0000000706f00000, 0x0000000707000000|  0%| F|  |TAMS 0x0000000706f00000, 0x0000000706f00000| Untracked 
|  54|0x0000000707000000, 0x0000000707000000, 0x0000000707100000|  0%| F|  |TAMS 0x0000000707000000, 0x0000000707000000| Untracked 
|  55|0x0000000707100000, 0x0000000707100000, 0x0000000707200000|  0%| F|  |TAMS 0x0000000707100000, 0x0000000707100000| Untracked 
|  56|0x0000000707200000, 0x0000000707200000, 0x0000000707300000|  0%| F|  |TAMS 0x0000000707200000, 0x0000000707200000| Untracked 
|  57|0x0000000707300000, 0x0000000707300000, 0x0000000707400000|  0%| F|  |TAMS 0x0000000707300000, 0x0000000707300000| Untracked 
|  58|0x0000000707400000, 0x0000000707400000, 0x0000000707500000|  0%| F|  |TAMS 0x0000000707400000, 0x0000000707400000| Untracked 
|  59|0x0000000707500000, 0x0000000707500000, 0x0000000707600000|  0%| F|  |TAMS 0x0000000707500000, 0x0000000707500000| Untracked 
|  60|0x0000000707600000, 0x0000000707600000, 0x0000000707700000|  0%| F|  |TAMS 0x0000000707600000, 0x0000000707600000| Untracked 
|  61|0x0000000707700000, 0x0000000707700000, 0x0000000707800000|  0%| F|  |TAMS 0x0000000707700000, 0x0000000707700000| Untracked 
|  62|0x0000000707800000, 0x0000000707800000, 0x0000000707900000|  0%| F|  |TAMS 0x0000000707800000, 0x0000000707800000| Untracked 
|  63|0x0000000707900000, 0x0000000707900000, 0x0000000707a00000|  0%| F|  |TAMS 0x0000000707900000, 0x0000000707900000| Untracked 
|  64|0x0000000707a00000, 0x0000000707a00000, 0x0000000707b00000|  0%| F|  |TAMS 0x0000000707a00000, 0x0000000707a00000| Untracked 
|  65|0x0000000707b00000, 0x0000000707b00000, 0x0000000707c00000|  0%| F|  |TAMS 0x0000000707b00000, 0x0000000707b00000| Untracked 
|  66|0x0000000707c00000, 0x0000000707c00000, 0x0000000707d00000|  0%| F|  |TAMS 0x0000000707c00000, 0x0000000707c00000| Untracked 
|  67|0x0000000707d00000, 0x0000000707d00000, 0x0000000707e00000|  0%| F|  |TAMS 0x0000000707d00000, 0x0000000707d00000| Untracked 
|  68|0x0000000707e00000, 0x0000000707e00000, 0x0000000707f00000|  0%| F|  |TAMS 0x0000000707e00000, 0x0000000707e00000| Untracked 
|  69|0x0000000707f00000, 0x0000000707f00000, 0x0000000708000000|  0%| F|  |TAMS 0x0000000707f00000, 0x0000000707f00000| Untracked 
|  70|0x0000000708000000, 0x0000000708000000, 0x0000000708100000|  0%| F|  |TAMS 0x0000000708000000, 0x0000000708000000| Untracked 
|  71|0x0000000708100000, 0x0000000708100000, 0x0000000708200000|  0%| F|  |TAMS 0x0000000708100000, 0x0000000708100000| Untracked 
|  72|0x0000000708200000, 0x0000000708200000, 0x0000000708300000|  0%| F|  |TAMS 0x0000000708200000, 0x0000000708200000| Untracked 
|  73|0x0000000708300000, 0x0000000708300000, 0x0000000708400000|  0%| F|  |TAMS 0x0000000708300000, 0x0000000708300000| Untracked 
|  74|0x0000000708400000, 0x0000000708400000, 0x0000000708500000|  0%| F|  |TAMS 0x0000000708400000, 0x0000000708400000| Untracked 
|  75|0x0000000708500000, 0x0000000708500000, 0x0000000708600000|  0%| F|  |TAMS 0x0000000708500000, 0x0000000708500000| Untracked 
|  76|0x0000000708600000, 0x0000000708600000, 0x0000000708700000|  0%| F|  |TAMS 0x0000000708600000, 0x0000000708600000| Untracked 
|  77|0x0000000708700000, 0x0000000708700000, 0x0000000708800000|  0%| F|  |TAMS 0x0000000708700000, 0x0000000708700000| Untracked 
|  78|0x0000000708800000, 0x0000000708800000, 0x0000000708900000|  0%| F|  |TAMS 0x0000000708800000, 0x0000000708800000| Untracked 
|  79|0x0000000708900000, 0x0000000708900000, 0x0000000708a00000|  0%| F|  |TAMS 0x0000000708900000, 0x0000000708900000| Untracked 
|  80|0x0000000708a00000, 0x0000000708a00000, 0x0000000708b00000|  0%| F|  |TAMS 0x0000000708a00000, 0x0000000708a00000| Untracked 
|  81|0x0000000708b00000, 0x0000000708b00000, 0x0000000708c00000|  0%| F|  |TAMS 0x0000000708b00000, 0x0000000708b00000| Untracked 
|  82|0x0000000708c00000, 0x0000000708c00000, 0x0000000708d00000|  0%| F|  |TAMS 0x0000000708c00000, 0x0000000708c00000| Untracked 
|  83|0x0000000708d00000, 0x0000000708d00000, 0x0000000708e00000|  0%| F|  |TAMS 0x0000000708d00000, 0x0000000708d00000| Untracked 
|  84|0x0000000708e00000, 0x0000000708e00000, 0x0000000708f00000|  0%| F|  |TAMS 0x0000000708e00000, 0x0000000708e00000| Untracked 
|  85|0x0000000708f00000, 0x0000000708f00000, 0x0000000709000000|  0%| F|  |TAMS 0x0000000708f00000, 0x0000000708f00000| Untracked 
|  86|0x0000000709000000, 0x0000000709000000, 0x0000000709100000|  0%| F|  |TAMS 0x0000000709000000, 0x0000000709000000| Untracked 
|  87|0x0000000709100000, 0x0000000709100000, 0x0000000709200000|  0%| F|  |TAMS 0x0000000709100000, 0x0000000709100000| Untracked 
|  88|0x0000000709200000, 0x0000000709200000, 0x0000000709300000|  0%| F|  |TAMS 0x0000000709200000, 0x0000000709200000| Untracked 
|  89|0x0000000709300000, 0x0000000709300000, 0x0000000709400000|  0%| F|  |TAMS 0x0000000709300000, 0x0000000709300000| Untracked 
|  90|0x0000000709400000, 0x0000000709400000, 0x0000000709500000|  0%| F|  |TAMS 0x0000000709400000, 0x0000000709400000| Untracked 
|  91|0x0000000709500000, 0x0000000709500000, 0x0000000709600000|  0%| F|  |TAMS 0x0000000709500000, 0x0000000709500000| Untracked 
|  92|0x0000000709600000, 0x0000000709600000, 0x0000000709700000|  0%| F|  |TAMS 0x0000000709600000, 0x0000000709600000| Untracked 
|  93|0x0000000709700000, 0x0000000709700000, 0x0000000709800000|  0%| F|  |TAMS 0x0000000709700000, 0x0000000709700000| Untracked 
|  94|0x0000000709800000, 0x0000000709800000, 0x0000000709900000|  0%| F|  |TAMS 0x0000000709800000, 0x0000000709800000| Untracked 
|  95|0x0000000709900000, 0x0000000709900000, 0x0000000709a00000|  0%| F|  |TAMS 0x0000000709900000, 0x0000000709900000| Untracked 
|  96|0x0000000709a00000, 0x0000000709a00000, 0x0000000709b00000|  0%| F|  |TAMS 0x0000000709a00000, 0x0000000709a00000| Untracked 
|  97|0x0000000709b00000, 0x0000000709b00000, 0x0000000709c00000|  0%| F|  |TAMS 0x0000000709b00000, 0x0000000709b00000| Untracked 
|  98|0x0000000709c00000, 0x0000000709c00000, 0x0000000709d00000|  0%| F|  |TAMS 0x0000000709c00000, 0x0000000709c00000| Untracked 
|  99|0x0000000709d00000, 0x0000000709d00000, 0x0000000709e00000|  0%| F|  |TAMS 0x0000000709d00000, 0x0000000709d00000| Untracked 
| 100|0x0000000709e00000, 0x0000000709e00000, 0x0000000709f00000|  0%| F|  |TAMS 0x0000000709e00000, 0x0000000709e00000| Untracked 
| 101|0x0000000709f00000, 0x0000000709f00000, 0x000000070a000000|  0%| F|  |TAMS 0x0000000709f00000, 0x0000000709f00000| Untracked 
| 102|0x000000070a000000, 0x000000070a000000, 0x000000070a100000|  0%| F|  |TAMS 0x000000070a000000, 0x000000070a000000| Untracked 
| 103|0x000000070a100000, 0x000000070a100000, 0x000000070a200000|  0%| F|  |TAMS 0x000000070a100000, 0x000000070a100000| Untracked 
| 104|0x000000070a200000, 0x000000070a200000, 0x000000070a300000|  0%| F|  |TAMS 0x000000070a200000, 0x000000070a200000| Untracked 
| 105|0x000000070a300000, 0x000000070a300000, 0x000000070a400000|  0%| F|  |TAMS 0x000000070a300000, 0x000000070a300000| Untracked 
| 106|0x000000070a400000, 0x000000070a400000, 0x000000070a500000|  0%| F|  |TAMS 0x000000070a400000, 0x000000070a400000| Untracked 
| 107|0x000000070a500000, 0x000000070a500000, 0x000000070a600000|  0%| F|  |TAMS 0x000000070a500000, 0x000000070a500000| Untracked 
| 108|0x000000070a600000, 0x000000070a600000, 0x000000070a700000|  0%| F|  |TAMS 0x000000070a600000, 0x000000070a600000| Untracked 
| 109|0x000000070a700000, 0x000000070a700000, 0x000000070a800000|  0%| F|  |TAMS 0x000000070a700000, 0x000000070a700000| Untracked 
| 110|0x000000070a800000, 0x000000070a800000, 0x000000070a900000|  0%| F|  |TAMS 0x000000070a800000, 0x000000070a800000| Untracked 
| 111|0x000000070a900000, 0x000000070a900000, 0x000000070aa00000|  0%| F|  |TAMS 0x000000070a900000, 0x000000070a900000| Untracked 
| 112|0x000000070aa00000, 0x000000070aa00000, 0x000000070ab00000|  0%| F|  |TAMS 0x000000070aa00000, 0x000000070aa00000| Untracked 
| 113|0x000000070ab00000, 0x000000070ab00000, 0x000000070ac00000|  0%| F|  |TAMS 0x000000070ab00000, 0x000000070ab00000| Untracked 
| 114|0x000000070ac00000, 0x000000070ac00000, 0x000000070ad00000|  0%| F|  |TAMS 0x000000070ac00000, 0x000000070ac00000| Untracked 
| 115|0x000000070ad00000, 0x000000070ad00000, 0x000000070ae00000|  0%| F|  |TAMS 0x000000070ad00000, 0x000000070ad00000| Untracked 
| 116|0x000000070ae00000, 0x000000070ae00000, 0x000000070af00000|  0%| F|  |TAMS 0x000000070ae00000, 0x000000070ae00000| Untracked 
| 117|0x000000070af00000, 0x000000070af00000, 0x000000070b000000|  0%| F|  |TAMS 0x000000070af00000, 0x000000070af00000| Untracked 
| 118|0x000000070b000000, 0x000000070b000000, 0x000000070b100000|  0%| F|  |TAMS 0x000000070b000000, 0x000000070b000000| Untracked 
| 119|0x000000070b100000, 0x000000070b100000, 0x000000070b200000|  0%| F|  |TAMS 0x000000070b100000, 0x000000070b100000| Untracked 
| 120|0x000000070b200000, 0x000000070b200000, 0x000000070b300000|  0%| F|  |TAMS 0x000000070b200000, 0x000000070b200000| Untracked 
| 121|0x000000070b300000, 0x000000070b300000, 0x000000070b400000|  0%| F|  |TAMS 0x000000070b300000, 0x000000070b300000| Untracked 
| 122|0x000000070b400000, 0x000000070b400000, 0x000000070b500000|  0%| F|  |TAMS 0x000000070b400000, 0x000000070b400000| Untracked 
| 123|0x000000070b500000, 0x000000070b500000, 0x000000070b600000|  0%| F|  |TAMS 0x000000070b500000, 0x000000070b500000| Untracked 
| 124|0x000000070b600000, 0x000000070b600000, 0x000000070b700000|  0%| F|  |TAMS 0x000000070b600000, 0x000000070b600000| Untracked 
| 125|0x000000070b700000, 0x000000070b700000, 0x000000070b800000|  0%| F|  |TAMS 0x000000070b700000, 0x000000070b700000| Untracked 
| 126|0x000000070b800000, 0x000000070b800000, 0x000000070b900000|  0%| F|  |TAMS 0x000000070b800000, 0x000000070b800000| Untracked 
| 127|0x000000070b900000, 0x000000070b900000, 0x000000070ba00000|  0%| F|  |TAMS 0x000000070b900000, 0x000000070b900000| Untracked 
| 128|0x000000070ba00000, 0x000000070ba00000, 0x000000070bb00000|  0%| F|  |TAMS 0x000000070ba00000, 0x000000070ba00000| Untracked 
| 129|0x000000070bb00000, 0x000000070bb00000, 0x000000070bc00000|  0%| F|  |TAMS 0x000000070bb00000, 0x000000070bb00000| Untracked 
| 130|0x000000070bc00000, 0x000000070bc00000, 0x000000070bd00000|  0%| F|  |TAMS 0x000000070bc00000, 0x000000070bc00000| Untracked 
| 131|0x000000070bd00000, 0x000000070bd00000, 0x000000070be00000|  0%| F|  |TAMS 0x000000070bd00000, 0x000000070bd00000| Untracked 
| 132|0x000000070be00000, 0x000000070be00000, 0x000000070bf00000|  0%| F|  |TAMS 0x000000070be00000, 0x000000070be00000| Untracked 
| 133|0x000000070bf00000, 0x000000070bf00000, 0x000000070c000000|  0%| F|  |TAMS 0x000000070bf00000, 0x000000070bf00000| Untracked 
| 134|0x000000070c000000, 0x000000070c000000, 0x000000070c100000|  0%| F|  |TAMS 0x000000070c000000, 0x000000070c000000| Untracked 
| 135|0x000000070c100000, 0x000000070c100000, 0x000000070c200000|  0%| F|  |TAMS 0x000000070c100000, 0x000000070c100000| Untracked 
| 136|0x000000070c200000, 0x000000070c200000, 0x000000070c300000|  0%| F|  |TAMS 0x000000070c200000, 0x000000070c200000| Untracked 
| 137|0x000000070c300000, 0x000000070c300000, 0x000000070c400000|  0%| F|  |TAMS 0x000000070c300000, 0x000000070c300000| Untracked 
| 138|0x000000070c400000, 0x000000070c400000, 0x000000070c500000|  0%| F|  |TAMS 0x000000070c400000, 0x000000070c400000| Untracked 
| 139|0x000000070c500000, 0x000000070c500000, 0x000000070c600000|  0%| F|  |TAMS 0x000000070c500000, 0x000000070c500000| Untracked 
| 140|0x000000070c600000, 0x000000070c600000, 0x000000070c700000|  0%| F|  |TAMS 0x000000070c600000, 0x000000070c600000| Untracked 
| 141|0x000000070c700000, 0x000000070c700000, 0x000000070c800000|  0%| F|  |TAMS 0x000000070c700000, 0x000000070c700000| Untracked 
| 142|0x000000070c800000, 0x000000070c800000, 0x000000070c900000|  0%| F|  |TAMS 0x000000070c800000, 0x000000070c800000| Untracked 
| 143|0x000000070c900000, 0x000000070c900000, 0x000000070ca00000|  0%| F|  |TAMS 0x000000070c900000, 0x000000070c900000| Untracked 
| 144|0x000000070ca00000, 0x000000070ca00000, 0x000000070cb00000|  0%| F|  |TAMS 0x000000070ca00000, 0x000000070ca00000| Untracked 
| 145|0x000000070cb00000, 0x000000070cb00000, 0x000000070cc00000|  0%| F|  |TAMS 0x000000070cb00000, 0x000000070cb00000| Untracked 
| 146|0x000000070cc00000, 0x000000070cc00000, 0x000000070cd00000|  0%| F|  |TAMS 0x000000070cc00000, 0x000000070cc00000| Untracked 
| 147|0x000000070cd00000, 0x000000070cd00000, 0x000000070ce00000|  0%| F|  |TAMS 0x000000070cd00000, 0x000000070cd00000| Untracked 
| 148|0x000000070ce00000, 0x000000070ce00000, 0x000000070cf00000|  0%| F|  |TAMS 0x000000070ce00000, 0x000000070ce00000| Untracked 
| 149|0x000000070cf00000, 0x000000070cf00000, 0x000000070d000000|  0%| F|  |TAMS 0x000000070cf00000, 0x000000070cf00000| Untracked 
| 150|0x000000070d000000, 0x000000070d000000, 0x000000070d100000|  0%| F|  |TAMS 0x000000070d000000, 0x000000070d000000| Untracked 
| 151|0x000000070d100000, 0x000000070d100000, 0x000000070d200000|  0%| F|  |TAMS 0x000000070d100000, 0x000000070d100000| Untracked 
| 152|0x000000070d200000, 0x000000070d200000, 0x000000070d300000|  0%| F|  |TAMS 0x000000070d200000, 0x000000070d200000| Untracked 
| 153|0x000000070d300000, 0x000000070d300000, 0x000000070d400000|  0%| F|  |TAMS 0x000000070d300000, 0x000000070d300000| Untracked 
| 154|0x000000070d400000, 0x000000070d400000, 0x000000070d500000|  0%| F|  |TAMS 0x000000070d400000, 0x000000070d400000| Untracked 
| 155|0x000000070d500000, 0x000000070d500000, 0x000000070d600000|  0%| F|  |TAMS 0x000000070d500000, 0x000000070d500000| Untracked 
| 156|0x000000070d600000, 0x000000070d600000, 0x000000070d700000|  0%| F|  |TAMS 0x000000070d600000, 0x000000070d600000| Untracked 
| 157|0x000000070d700000, 0x000000070d700000, 0x000000070d800000|  0%| F|  |TAMS 0x000000070d700000, 0x000000070d700000| Untracked 
| 158|0x000000070d800000, 0x000000070d800000, 0x000000070d900000|  0%| F|  |TAMS 0x000000070d800000, 0x000000070d800000| Untracked 
| 159|0x000000070d900000, 0x000000070d900000, 0x000000070da00000|  0%| F|  |TAMS 0x000000070d900000, 0x000000070d900000| Untracked 
| 160|0x000000070da00000, 0x000000070da00000, 0x000000070db00000|  0%| F|  |TAMS 0x000000070da00000, 0x000000070da00000| Untracked 
| 161|0x000000070db00000, 0x000000070db00000, 0x000000070dc00000|  0%| F|  |TAMS 0x000000070db00000, 0x000000070db00000| Untracked 
| 162|0x000000070dc00000, 0x000000070dc00000, 0x000000070dd00000|  0%| F|  |TAMS 0x000000070dc00000, 0x000000070dc00000| Untracked 
| 163|0x000000070dd00000, 0x000000070dd00000, 0x000000070de00000|  0%| F|  |TAMS 0x000000070dd00000, 0x000000070dd00000| Untracked 
| 164|0x000000070de00000, 0x000000070de00000, 0x000000070df00000|  0%| F|  |TAMS 0x000000070de00000, 0x000000070de00000| Untracked 
| 165|0x000000070df00000, 0x000000070df00000, 0x000000070e000000|  0%| F|  |TAMS 0x000000070df00000, 0x000000070df00000| Untracked 
| 166|0x000000070e000000, 0x000000070e000000, 0x000000070e100000|  0%| F|  |TAMS 0x000000070e000000, 0x000000070e000000| Untracked 
| 167|0x000000070e100000, 0x000000070e100000, 0x000000070e200000|  0%| F|  |TAMS 0x000000070e100000, 0x000000070e100000| Untracked 
| 168|0x000000070e200000, 0x000000070e200000, 0x000000070e300000|  0%| F|  |TAMS 0x000000070e200000, 0x000000070e200000| Untracked 
| 169|0x000000070e300000, 0x000000070e300000, 0x000000070e400000|  0%| F|  |TAMS 0x000000070e300000, 0x000000070e300000| Untracked 
| 170|0x000000070e400000, 0x000000070e400000, 0x000000070e500000|  0%| F|  |TAMS 0x000000070e400000, 0x000000070e400000| Untracked 
| 171|0x000000070e500000, 0x000000070e500000, 0x000000070e600000|  0%| F|  |TAMS 0x000000070e500000, 0x000000070e500000| Untracked 
| 172|0x000000070e600000, 0x000000070e600000, 0x000000070e700000|  0%| F|  |TAMS 0x000000070e600000, 0x000000070e600000| Untracked 
| 173|0x000000070e700000, 0x000000070e700000, 0x000000070e800000|  0%| F|  |TAMS 0x000000070e700000, 0x000000070e700000| Untracked 
| 174|0x000000070e800000, 0x000000070e800000, 0x000000070e900000|  0%| F|  |TAMS 0x000000070e800000, 0x000000070e800000| Untracked 
| 175|0x000000070e900000, 0x000000070e900000, 0x000000070ea00000|  0%| F|  |TAMS 0x000000070e900000, 0x000000070e900000| Untracked 
| 176|0x000000070ea00000, 0x000000070ea00000, 0x000000070eb00000|  0%| F|  |TAMS 0x000000070ea00000, 0x000000070ea00000| Untracked 
| 177|0x000000070eb00000, 0x000000070eb00000, 0x000000070ec00000|  0%| F|  |TAMS 0x000000070eb00000, 0x000000070eb00000| Untracked 
| 178|0x000000070ec00000, 0x000000070ec00000, 0x000000070ed00000|  0%| F|  |TAMS 0x000000070ec00000, 0x000000070ec00000| Untracked 
| 179|0x000000070ed00000, 0x000000070ed00000, 0x000000070ee00000|  0%| F|  |TAMS 0x000000070ed00000, 0x000000070ed00000| Untracked 
| 180|0x000000070ee00000, 0x000000070ee00000, 0x000000070ef00000|  0%| F|  |TAMS 0x000000070ee00000, 0x000000070ee00000| Untracked 
| 181|0x000000070ef00000, 0x000000070ef00000, 0x000000070f000000|  0%| F|  |TAMS 0x000000070ef00000, 0x000000070ef00000| Untracked 
| 182|0x000000070f000000, 0x000000070f000000, 0x000000070f100000|  0%| F|  |TAMS 0x000000070f000000, 0x000000070f000000| Untracked 
| 183|0x000000070f100000, 0x000000070f100000, 0x000000070f200000|  0%| F|  |TAMS 0x000000070f100000, 0x000000070f100000| Untracked 
| 184|0x000000070f200000, 0x000000070f200000, 0x000000070f300000|  0%| F|  |TAMS 0x000000070f200000, 0x000000070f200000| Untracked 
| 185|0x000000070f300000, 0x000000070f300000, 0x000000070f400000|  0%| F|  |TAMS 0x000000070f300000, 0x000000070f300000| Untracked 
| 186|0x000000070f400000, 0x000000070f400000, 0x000000070f500000|  0%| F|  |TAMS 0x000000070f400000, 0x000000070f400000| Untracked 
| 187|0x000000070f500000, 0x000000070f500000, 0x000000070f600000|  0%| F|  |TAMS 0x000000070f500000, 0x000000070f500000| Untracked 
| 188|0x000000070f600000, 0x000000070f600000, 0x000000070f700000|  0%| F|  |TAMS 0x000000070f600000, 0x000000070f600000| Untracked 
| 189|0x000000070f700000, 0x000000070f700000, 0x000000070f800000|  0%| F|  |TAMS 0x000000070f700000, 0x000000070f700000| Untracked 
| 190|0x000000070f800000, 0x000000070f800000, 0x000000070f900000|  0%| F|  |TAMS 0x000000070f800000, 0x000000070f800000| Untracked 
| 191|0x000000070f900000, 0x000000070f900000, 0x000000070fa00000|  0%| F|  |TAMS 0x000000070f900000, 0x000000070f900000| Untracked 
| 192|0x000000070fa00000, 0x000000070fa00000, 0x000000070fb00000|  0%| F|  |TAMS 0x000000070fa00000, 0x000000070fa00000| Untracked 
| 193|0x000000070fb00000, 0x000000070fb00000, 0x000000070fc00000|  0%| F|  |TAMS 0x000000070fb00000, 0x000000070fb00000| Untracked 
| 194|0x000000070fc00000, 0x000000070fc00000, 0x000000070fd00000|  0%| F|  |TAMS 0x000000070fc00000, 0x000000070fc00000| Untracked 
| 195|0x000000070fd00000, 0x000000070fd00000, 0x000000070fe00000|  0%| F|  |TAMS 0x000000070fd00000, 0x000000070fd00000| Untracked 
| 196|0x000000070fe00000, 0x000000070fe00000, 0x000000070ff00000|  0%| F|  |TAMS 0x000000070fe00000, 0x000000070fe00000| Untracked 
| 197|0x000000070ff00000, 0x000000070ff00000, 0x0000000710000000|  0%| F|  |TAMS 0x000000070ff00000, 0x000000070ff00000| Untracked 
| 198|0x0000000710000000, 0x0000000710000000, 0x0000000710100000|  0%| F|  |TAMS 0x0000000710000000, 0x0000000710000000| Untracked 
| 199|0x0000000710100000, 0x0000000710100000, 0x0000000710200000|  0%| F|  |TAMS 0x0000000710100000, 0x0000000710100000| Untracked 
| 200|0x0000000710200000, 0x0000000710200000, 0x0000000710300000|  0%| F|  |TAMS 0x0000000710200000, 0x0000000710200000| Untracked 
| 201|0x0000000710300000, 0x0000000710300000, 0x0000000710400000|  0%| F|  |TAMS 0x0000000710300000, 0x0000000710300000| Untracked 
| 202|0x0000000710400000, 0x0000000710400000, 0x0000000710500000|  0%| F|  |TAMS 0x0000000710400000, 0x0000000710400000| Untracked 
| 203|0x0000000710500000, 0x0000000710500000, 0x0000000710600000|  0%| F|  |TAMS 0x0000000710500000, 0x0000000710500000| Untracked 
| 204|0x0000000710600000, 0x0000000710600000, 0x0000000710700000|  0%| F|  |TAMS 0x0000000710600000, 0x0000000710600000| Untracked 
| 205|0x0000000710700000, 0x0000000710700000, 0x0000000710800000|  0%| F|  |TAMS 0x0000000710700000, 0x0000000710700000| Untracked 
| 206|0x0000000710800000, 0x0000000710800000, 0x0000000710900000|  0%| F|  |TAMS 0x0000000710800000, 0x0000000710800000| Untracked 
| 207|0x0000000710900000, 0x0000000710900000, 0x0000000710a00000|  0%| F|  |TAMS 0x0000000710900000, 0x0000000710900000| Untracked 
| 208|0x0000000710a00000, 0x0000000710a00000, 0x0000000710b00000|  0%| F|  |TAMS 0x0000000710a00000, 0x0000000710a00000| Untracked 
| 209|0x0000000710b00000, 0x0000000710b00000, 0x0000000710c00000|  0%| F|  |TAMS 0x0000000710b00000, 0x0000000710b00000| Untracked 
| 210|0x0000000710c00000, 0x0000000710c00000, 0x0000000710d00000|  0%| F|  |TAMS 0x0000000710c00000, 0x0000000710c00000| Untracked 
| 211|0x0000000710d00000, 0x0000000710d00000, 0x0000000710e00000|  0%| F|  |TAMS 0x0000000710d00000, 0x0000000710d00000| Untracked 
| 212|0x0000000710e00000, 0x0000000710e00000, 0x0000000710f00000|  0%| F|  |TAMS 0x0000000710e00000, 0x0000000710e00000| Untracked 
| 213|0x0000000710f00000, 0x0000000710f00000, 0x0000000711000000|  0%| F|  |TAMS 0x0000000710f00000, 0x0000000710f00000| Untracked 
| 214|0x0000000711000000, 0x0000000711000000, 0x0000000711100000|  0%| F|  |TAMS 0x0000000711000000, 0x0000000711000000| Untracked 
| 215|0x0000000711100000, 0x0000000711100000, 0x0000000711200000|  0%| F|  |TAMS 0x0000000711100000, 0x0000000711100000| Untracked 
| 216|0x0000000711200000, 0x0000000711200000, 0x0000000711300000|  0%| F|  |TAMS 0x0000000711200000, 0x0000000711200000| Untracked 
| 217|0x0000000711300000, 0x0000000711300000, 0x0000000711400000|  0%| F|  |TAMS 0x0000000711300000, 0x0000000711300000| Untracked 
| 218|0x0000000711400000, 0x0000000711400000, 0x0000000711500000|  0%| F|  |TAMS 0x0000000711400000, 0x0000000711400000| Untracked 
| 219|0x0000000711500000, 0x0000000711500000, 0x0000000711600000|  0%| F|  |TAMS 0x0000000711500000, 0x0000000711500000| Untracked 
| 220|0x0000000711600000, 0x0000000711600000, 0x0000000711700000|  0%| F|  |TAMS 0x0000000711600000, 0x0000000711600000| Untracked 
| 221|0x0000000711700000, 0x0000000711700000, 0x0000000711800000|  0%| F|  |TAMS 0x0000000711700000, 0x0000000711700000| Untracked 
| 222|0x0000000711800000, 0x0000000711800000, 0x0000000711900000|  0%| F|  |TAMS 0x0000000711800000, 0x0000000711800000| Untracked 
| 223|0x0000000711900000, 0x0000000711900000, 0x0000000711a00000|  0%| F|  |TAMS 0x0000000711900000, 0x0000000711900000| Untracked 
| 224|0x0000000711a00000, 0x0000000711a00000, 0x0000000711b00000|  0%| F|  |TAMS 0x0000000711a00000, 0x0000000711a00000| Untracked 
| 225|0x0000000711b00000, 0x0000000711b00000, 0x0000000711c00000|  0%| F|  |TAMS 0x0000000711b00000, 0x0000000711b00000| Untracked 
| 226|0x0000000711c00000, 0x0000000711c00000, 0x0000000711d00000|  0%| F|  |TAMS 0x0000000711c00000, 0x0000000711c00000| Untracked 
| 227|0x0000000711d00000, 0x0000000711d00000, 0x0000000711e00000|  0%| F|  |TAMS 0x0000000711d00000, 0x0000000711d00000| Untracked 
| 228|0x0000000711e00000, 0x0000000711e00000, 0x0000000711f00000|  0%| F|  |TAMS 0x0000000711e00000, 0x0000000711e00000| Untracked 
| 229|0x0000000711f00000, 0x0000000711f00000, 0x0000000712000000|  0%| F|  |TAMS 0x0000000711f00000, 0x0000000711f00000| Untracked 
| 230|0x0000000712000000, 0x0000000712000000, 0x0000000712100000|  0%| F|  |TAMS 0x0000000712000000, 0x0000000712000000| Untracked 
| 231|0x0000000712100000, 0x0000000712100000, 0x0000000712200000|  0%| F|  |TAMS 0x0000000712100000, 0x0000000712100000| Untracked 
| 232|0x0000000712200000, 0x0000000712200000, 0x0000000712300000|  0%| F|  |TAMS 0x0000000712200000, 0x0000000712200000| Untracked 
| 233|0x0000000712300000, 0x0000000712300000, 0x0000000712400000|  0%| F|  |TAMS 0x0000000712300000, 0x0000000712300000| Untracked 
| 234|0x0000000712400000, 0x0000000712400000, 0x0000000712500000|  0%| F|  |TAMS 0x0000000712400000, 0x0000000712400000| Untracked 
| 235|0x0000000712500000, 0x0000000712500000, 0x0000000712600000|  0%| F|  |TAMS 0x0000000712500000, 0x0000000712500000| Untracked 
| 236|0x0000000712600000, 0x000000071267b640, 0x0000000712700000| 48%| E|  |TAMS 0x0000000712600000, 0x0000000712600000| Complete 
| 237|0x0000000712700000, 0x0000000712800000, 0x0000000712800000|100%| E|CS|TAMS 0x0000000712700000, 0x0000000712700000| Complete 
| 238|0x0000000712800000, 0x0000000712900000, 0x0000000712900000|100%| E|  |TAMS 0x0000000712800000, 0x0000000712800000| Complete 
| 239|0x0000000712900000, 0x0000000712a00000, 0x0000000712a00000|100%| E|CS|TAMS 0x0000000712900000, 0x0000000712900000| Complete 
| 240|0x0000000712a00000, 0x0000000712b00000, 0x0000000712b00000|100%| E|CS|TAMS 0x0000000712a00000, 0x0000000712a00000| Complete 
| 241|0x0000000712b00000, 0x0000000712c00000, 0x0000000712c00000|100%| E|CS|TAMS 0x0000000712b00000, 0x0000000712b00000| Complete 
| 242|0x0000000712c00000, 0x0000000712d00000, 0x0000000712d00000|100%| E|CS|TAMS 0x0000000712c00000, 0x0000000712c00000| Complete 
| 243|0x0000000712d00000, 0x0000000712e00000, 0x0000000712e00000|100%| E|CS|TAMS 0x0000000712d00000, 0x0000000712d00000| Complete 
| 244|0x0000000712e00000, 0x0000000712f00000, 0x0000000712f00000|100%| E|CS|TAMS 0x0000000712e00000, 0x0000000712e00000| Complete 
| 245|0x0000000712f00000, 0x0000000713000000, 0x0000000713000000|100%| E|CS|TAMS 0x0000000712f00000, 0x0000000712f00000| Complete 
| 246|0x0000000713000000, 0x0000000713100000, 0x0000000713100000|100%| E|CS|TAMS 0x0000000713000000, 0x0000000713000000| Complete 
| 247|0x0000000713100000, 0x0000000713200000, 0x0000000713200000|100%| E|CS|TAMS 0x0000000713100000, 0x0000000713100000| Complete 
| 248|0x0000000713200000, 0x0000000713300000, 0x0000000713300000|100%| E|CS|TAMS 0x0000000713200000, 0x0000000713200000| Complete 
| 249|0x0000000713300000, 0x0000000713400000, 0x0000000713400000|100%| E|CS|TAMS 0x0000000713300000, 0x0000000713300000| Complete 
| 250|0x0000000713400000, 0x0000000713500000, 0x0000000713500000|100%| E|CS|TAMS 0x0000000713400000, 0x0000000713400000| Complete 
| 251|0x0000000713500000, 0x0000000713600000, 0x0000000713600000|100%| E|CS|TAMS 0x0000000713500000, 0x0000000713500000| Complete 
| 252|0x0000000713600000, 0x0000000713700000, 0x0000000713700000|100%| E|CS|TAMS 0x0000000713600000, 0x0000000713600000| Complete 
| 253|0x0000000713700000, 0x0000000713800000, 0x0000000713800000|100%| E|CS|TAMS 0x0000000713700000, 0x0000000713700000| Complete 

Card table byte_map: [0x000002087d130000,0x000002087d920000] _byte_map_base: 0x0000020879913000

Marking Bits (Prev, Next): (CMBitMap*) 0x00000208649d5528, (CMBitMap*) 0x00000208649d5560
 Prev Bits: [0x0000020800000000, 0x0000020803f18000)
 Next Bits: [0x0000020803f20000, 0x0000020807e38000)

Polling page: 0x0000020864150000

Metaspace:

Usage:
  Non-class:     10.93 MB capacity,    10.78 MB ( 99%) used,   145.44 KB (  1%) free+waste,    13.69 KB ( <1%) overhead. 
      Class:    880.00 KB capacity,   801.48 KB ( 91%) used,    73.15 KB (  8%) free+waste,     5.38 KB ( <1%) overhead. 
       Both:     11.79 MB capacity,    11.56 MB ( 98%) used,   218.59 KB (  2%) free+waste,    19.06 KB ( <1%) overhead. 

Virtual space:
  Non-class space:       12.00 MB reserved,      11.00 MB ( 92%) committed 
      Class space:        1.00 GB reserved,     896.00 KB ( <1%) committed 
             Both:        1.01 GB reserved,      11.88 MB (  1%) committed 

Chunk freelists:
   Non-Class:  71.00 KB
       Class:  16.00 KB
        Both:  87.00 KB

MaxMetaspaceSize: 17179869184.00 GB
CompressedClassSpaceSize: 1.00 GB
Initial GC threshold: 20.80 MB
Current GC threshold: 20.80 MB
CDS: off

CodeHeap 'non-profiled nmethods': size=119168Kb used=252Kb max_used=252Kb free=118915Kb
 bounds [0x0000020874c50000, 0x0000020874ec0000, 0x000002087c0b0000]
CodeHeap 'profiled nmethods': size=119168Kb used=1477Kb max_used=1477Kb free=117690Kb
 bounds [0x000002086d7f0000, 0x000002086da60000, 0x0000020874c50000]
CodeHeap 'non-nmethods': size=7424Kb used=3278Kb max_used=3290Kb free=4145Kb
 bounds [0x000002086d0b0000, 0x000002086d3f0000, 0x000002086d7f0000]
 total_blobs=1843 nmethods=869 adapters=884
 compilation: enabled
              stopped_count=0, restarted_count=0
 full_count=0

Compilation events (20 events):
Event: 0.879 Thread 0x00000208152a3000 nmethod 857 0x000002086d95b710 code [0x000002086d95b8c0, 0x000002086d95ba28]
Event: 0.879 Thread 0x00000208152a3000  862       3       java.nio.MappedByteBuffer::flip (7 bytes)
Event: 0.879 Thread 0x000002087fb72000 nmethod 861 0x000002086d95bb10 code [0x000002086d95bce0, 0x000002086d95bf18]
Event: 0.879 Thread 0x000002087fb72000  863       3       sun.nio.ch.Util::offerFirstTemporaryDirectBuffer (53 bytes)
Event: 0.879 Thread 0x00000208152a3000 nmethod 862 0x000002086d95c010 code [0x000002086d95c1c0, 0x000002086d95c398]
Event: 0.879 Thread 0x00000208152a3000  864       3       sun.nio.ch.Util::isBufferTooLarge (8 bytes)
Event: 0.880 Thread 0x000002087faf0800 nmethod 860 0x000002086d95c490 code [0x000002086d95c6c0, 0x000002086d95d0d8]
Event: 0.880 Thread 0x000002087faf0800  865       3       sun.nio.ch.Util$BufferCache::offerFirst (73 bytes)
Event: 0.880 Thread 0x00000208152a3000 nmethod 864 0x000002086d95d410 code [0x000002086d95d5c0, 0x000002086d95d778]
Event: 0.880 Thread 0x00000208152a3000  866       3       sun.nio.ch.Util$BufferCache::next (8 bytes)
Event: 0.880 Thread 0x000002087faf0800 nmethod 865 0x000002086d95d890 code [0x000002086d95da60, 0x000002086d95ddb8]
Event: 0.880 Thread 0x000002087faf0800  867   !   3       java.util.zip.ZipFile$ZipFileInflaterInputStream::close (67 bytes)
Event: 0.880 Thread 0x00000208152a3000 nmethod 866 0x000002086d95df10 code [0x000002086d95e0c0, 0x000002086d95e1f8]
Event: 0.880 Thread 0x000002087fb72000 nmethod 863 0x000002086d95e290 code [0x000002086d95e500, 0x000002086d95eed8]
Event: 0.880 Thread 0x000002087fb72000  868       3       java.util.zip.InflaterInputStream::close (34 bytes)
Event: 0.880 Thread 0x00000208152a3000  869       3       java.util.zip.ZipFile$InflaterCleanupAction::run (12 bytes)
Event: 0.880 Thread 0x000002087fe6d800 nmethod 859 0x000002086d95f190 code [0x000002086d95f400, 0x000002086d95fe48]
Event: 0.880 Thread 0x00000208152a3000 nmethod 869 0x000002086d960110 code [0x000002086d9602c0, 0x000002086d960488]
Event: 0.880 Thread 0x000002087fb72000 nmethod 868 0x000002086d960590 code [0x000002086d960760, 0x000002086d960a18]
Event: 0.880 Thread 0x000002087faf0800 nmethod 867 0x000002086d960b10 code [0x000002086d960d20, 0x000002086d961438]

GC Heap History (0 events):
No events

Deoptimization events (20 events):
Event: 0.099 Thread 0x000002086496e000 Uncommon trap: trap_request=0xffffff4d fr.pc=0x0000020874c5501c relative=0x000000000000017c
Event: 0.099 Thread 0x000002086496e000 Uncommon trap: reason=unstable_if action=reinterpret pc=0x0000020874c5501c method=java.lang.String.hashCode()I @ 14 c2
Event: 0.099 Thread 0x000002086496e000 DEOPT PACKING pc=0x0000020874c5501c sp=0x0000004cc7efd690
Event: 0.099 Thread 0x000002086496e000 DEOPT UNPACKING pc=0x000002086d0b85af sp=0x0000004cc7efd628 mode 2
Event: 0.173 Thread 0x000002086496e000 Uncommon trap: trap_request=0xffffff4d fr.pc=0x0000020874c59a80 relative=0x0000000000000060
Event: 0.173 Thread 0x000002086496e000 Uncommon trap: reason=unstable_if action=reinterpret pc=0x0000020874c59a80 method=java.io.WinNTFileSystem.isSlash(C)Z @ 9 c2
Event: 0.173 Thread 0x000002086496e000 DEOPT PACKING pc=0x0000020874c59a80 sp=0x0000004cc7efe330
Event: 0.173 Thread 0x000002086496e000 DEOPT UNPACKING pc=0x000002086d0b85af sp=0x0000004cc7efe2b8 mode 2
Event: 0.193 Thread 0x000002086496e000 DEOPT PACKING pc=0x000002086d832668 sp=0x0000004cc7efd3d0
Event: 0.193 Thread 0x000002086496e000 DEOPT UNPACKING pc=0x000002086d0f9d0e sp=0x0000004cc7efc828 mode 0
Event: 0.200 Thread 0x000002086496e000 DEOPT PACKING pc=0x000002086d8342c2 sp=0x0000004cc7eface0
Event: 0.200 Thread 0x000002086496e000 DEOPT UNPACKING pc=0x000002086d0f9d0e sp=0x0000004cc7efa148 mode 0
Event: 0.203 Thread 0x000002086496e000 DEOPT PACKING pc=0x000002086d81ead0 sp=0x0000004cc7ef98b0
Event: 0.203 Thread 0x000002086496e000 DEOPT UNPACKING pc=0x000002086d0f9d0e sp=0x0000004cc7ef8d38 mode 0
Event: 0.693 Thread 0x000002086496e000 Uncommon trap: trap_request=0xffffff5c fr.pc=0x0000020874c82978 relative=0x0000000000000058
Event: 0.693 Thread 0x000002086496e000 Uncommon trap: reason=speculate_null_assert action=make_not_entrant pc=0x0000020874c82978 method=sun.misc.Unsafe.getLong(Ljava/lang/Object;J)J @ 5 c2
Event: 0.693 Thread 0x000002086496e000 DEOPT PACKING pc=0x0000020874c82978 sp=0x0000004cc7efeea0
Event: 0.693 Thread 0x000002086496e000 DEOPT UNPACKING pc=0x000002086d0b85af sp=0x0000004cc7efee28 mode 2
Event: 0.745 Thread 0x000002086496e000 DEOPT PACKING pc=0x000002086d82b87f sp=0x0000004cc7efda40
Event: 0.745 Thread 0x000002086496e000 DEOPT UNPACKING pc=0x000002086d0f9d0e sp=0x0000004cc7efce90 mode 0

Classes redefined (0 events):
No events

Internal exceptions (20 events):
Event: 0.251 Thread 0x000002086496e000 Exception <a 'java/security/PrivilegedActionException'{0x00000007133e6a68}> (0x00000007133e6a68) thrown at [./src/hotspot/share/prims/jvm.cpp, line 1306]
Event: 0.251 Thread 0x000002086496e000 Exception <a 'java/security/PrivilegedActionException'{0x00000007133e88a8}> (0x00000007133e88a8) thrown at [./src/hotspot/share/prims/jvm.cpp, line 1306]
Event: 0.251 Thread 0x000002086496e000 Exception <a 'java/security/PrivilegedActionException'{0x00000007133e8b78}> (0x00000007133e8b78) thrown at [./src/hotspot/share/prims/jvm.cpp, line 1306]
Event: 0.251 Thread 0x000002086496e000 Exception <a 'java/security/PrivilegedActionException'{0x00000007133ea968}> (0x00000007133ea968) thrown at [./src/hotspot/share/prims/jvm.cpp, line 1306]
Event: 0.251 Thread 0x000002086496e000 Exception <a 'java/security/PrivilegedActionException'{0x00000007133eac38}> (0x00000007133eac38) thrown at [./src/hotspot/share/prims/jvm.cpp, line 1306]
Event: 0.267 Thread 0x000002086496e000 Exception <a 'sun/nio/fs/WindowsException'{0x00000007132d09b0}> (0x00000007132d09b0) thrown at [./src/hotspot/share/prims/jni.cpp, line 616]
Event: 0.267 Thread 0x000002086496e000 Exception <a 'sun/nio/fs/WindowsException'{0x00000007132d0d20}> (0x00000007132d0d20) thrown at [./src/hotspot/share/prims/jni.cpp, line 616]
Event: 0.574 Thread 0x000002086496e000 Exception <a 'java/lang/NoSuchMethodError'{0x000000071313be30}: 'void java.lang.invoke.DirectMethodHandle$Holder.invokeStaticInit(java.lang.Object, long, double, double)'> (0x000000071313be30) thrown at [./src/hotspot/share/interpreter/linkResolver.cpp, line 773]
Event: 0.577 Thread 0x000002086496e000 Exception <a 'java/lang/NoSuchMethodError'{0x000000071314e338}: 'void java.lang.invoke.DirectMethodHandle$Holder.invokeStaticInit(java.lang.Object, long, int, int, int)'> (0x000000071314e338) thrown at [./src/hotspot/share/interpreter/linkResolver.cpp, line 773]
Event: 0.584 Thread 0x000002086496e000 Exception <a 'java/lang/NoSuchMethodError'{0x000000071316e750}: 'void java.lang.invoke.DirectMethodHandle$Holder.invokeStaticInit(java.lang.Object, long, int, int, int, int)'> (0x000000071316e750) thrown at [./src/hotspot/share/interpreter/linkResolver.cpp, line 773]
Event: 0.655 Thread 0x000002086496e000 Exception <a 'sun/nio/fs/WindowsException'{0x00000007131bdea8}> (0x00000007131bdea8) thrown at [./src/hotspot/share/prims/jni.cpp, line 616]
Event: 0.655 Thread 0x000002086496e000 Exception <a 'sun/nio/fs/WindowsException'{0x00000007131be258}> (0x00000007131be258) thrown at [./src/hotspot/share/prims/jni.cpp, line 616]
Event: 0.659 Thread 0x000002086496e000 Exception <a 'sun/nio/fs/WindowsException'{0x00000007131d5990}> (0x00000007131d5990) thrown at [./src/hotspot/share/prims/jni.cpp, line 616]
Event: 0.659 Thread 0x000002086496e000 Exception <a 'sun/nio/fs/WindowsException'{0x00000007131d5c78}> (0x00000007131d5c78) thrown at [./src/hotspot/share/prims/jni.cpp, line 616]
Event: 0.872 Thread 0x000002086496e000 Exception <a 'sun/nio/fs/WindowsException'{0x000000071260f5d0}> (0x000000071260f5d0) thrown at [./src/hotspot/share/prims/jni.cpp, line 616]
Event: 0.872 Thread 0x000002086496e000 Exception <a 'sun/nio/fs/WindowsException'{0x000000071260f8c0}> (0x000000071260f8c0) thrown at [./src/hotspot/share/prims/jni.cpp, line 616]
Event: 0.872 Thread 0x000002086496e000 Exception <a 'sun/nio/fs/WindowsException'{0x0000000712610628}> (0x0000000712610628) thrown at [./src/hotspot/share/prims/jni.cpp, line 616]
Event: 0.873 Thread 0x000002086496e000 Exception <a 'sun/nio/fs/WindowsException'{0x0000000712617ee8}> (0x0000000712617ee8) thrown at [./src/hotspot/share/prims/jni.cpp, line 616]
Event: 0.880 Thread 0x000002086496e000 Exception <a 'sun/nio/fs/WindowsException'{0x000000071261ad40}> (0x000000071261ad40) thrown at [./src/hotspot/share/prims/jni.cpp, line 616]
Event: 0.880 Thread 0x000002086496e000 Exception <a 'sun/nio/fs/WindowsException'{0x000000071261b0c8}> (0x000000071261b0c8) thrown at [./src/hotspot/share/prims/jni.cpp, line 616]

Events (20 events):
Event: 0.847 loading class org/lwjgl/opengl/GL13C done
Event: 0.847 loading class org/lwjgl/opengl/GL12C
Event: 0.847 loading class org/lwjgl/opengl/GL12C done
Event: 0.848 loading class org/lwjgl/opengl/GL11C
Event: 0.848 loading class org/lwjgl/opengl/GL11C done
Event: 0.850 loading class org/lwjgl/system/APIUtil$Encoder
Event: 0.850 loading class org/lwjgl/system/APIUtil$Encoder done
Event: 0.850 loading class org/lwjgl/system/APIUtil$Encoder
Event: 0.850 loading class org/lwjgl/system/APIUtil$Encoder done
Event: 0.867 loading class renderer/Texture
Event: 0.867 loading class renderer/Texture done
Event: 0.868 loading class org/lwjgl/stb/STBImage
Event: 0.868 loading class org/lwjgl/stb/STBImage done
Event: 0.870 loading class org/lwjgl/stb/LibSTB
Event: 0.870 loading class org/lwjgl/stb/LibSTB done
Event: 0.872 loading class java/nio/file/FileAlreadyExistsException
Event: 0.872 loading class java/nio/file/FileAlreadyExistsException done
Event: 0.873 loading class java/nio/file/StandardCopyOption
Event: 0.873 loading class java/nio/file/StandardCopyOption done
Event: 0.882 Loaded shared library C:\Users\tylor\AppData\Local\Temp\lwjgltylor\3.2.3-build-13\lwjgl_stb.dll


Dynamic libraries:
0x00007ff62d6f0000 - 0x00007ff62d6fd000 	C:\Program Files\Amazon Corretto\jdk11.0.14_10\bin\java.exe
0x00007ffedb440000 - 0x00007ffedb649000 	C:\Windows\SYSTEM32\ntdll.dll
0x00007ffed9380000 - 0x00007ffed943d000 	C:\Windows\System32\KERNEL32.DLL
0x00007ffed8c90000 - 0x00007ffed9009000 	C:\Windows\System32\KERNELBASE.dll
0x00007ffed89e0000 - 0x00007ffed8af1000 	C:\Windows\System32\ucrtbase.dll
0x00007ffecd460000 - 0x00007ffecd477000 	C:\Program Files\Amazon Corretto\jdk11.0.14_10\bin\jli.dll
0x00007ffeccd00000 - 0x00007ffeccd19000 	C:\Program Files\Amazon Corretto\jdk11.0.14_10\bin\VCRUNTIME140.dll
0x00007ffedb1f0000 - 0x00007ffedb39c000 	C:\Windows\System32\USER32.dll
0x00007ffed13c0000 - 0x00007ffed1665000 	C:\Windows\WinSxS\amd64_microsoft.windows.common-controls_6595b64144ccf1df_6.0.22000.120_none_9d947278b86cc467\COMCTL32.dll
0x00007ffed8930000 - 0x00007ffed8956000 	C:\Windows\System32\win32u.dll
0x00007ffed9440000 - 0x00007ffed94e3000 	C:\Windows\System32\msvcrt.dll
0x00007ffedb140000 - 0x00007ffedb169000 	C:\Windows\System32\GDI32.dll
0x00007ffed8b00000 - 0x00007ffed8c12000 	C:\Windows\System32\gdi32full.dll
0x00007ffed9010000 - 0x00007ffed90ad000 	C:\Windows\System32\msvcp_win.dll
0x00007ffedb070000 - 0x00007ffedb0a1000 	C:\Windows\System32\IMM32.DLL
0x00007ffeb3450000 - 0x00007ffeb34eb000 	C:\Program Files\Amazon Corretto\jdk11.0.14_10\bin\msvcp140.dll
0x00007ffe3db50000 - 0x00007ffe3e6d3000 	C:\Program Files\Amazon Corretto\jdk11.0.14_10\bin\server\jvm.dll
0x00007ffeda760000 - 0x00007ffeda80e000 	C:\Windows\System32\ADVAPI32.dll
0x00007ffed92e0000 - 0x00007ffed937e000 	C:\Windows\System32\sechost.dll
0x00007ffeda880000 - 0x00007ffeda9a0000 	C:\Windows\System32\RPCRT4.dll
0x00007ffed9e50000 - 0x00007ffed9e58000 	C:\Windows\System32\PSAPI.DLL
0x00007ffebde00000 - 0x00007ffebde09000 	C:\Windows\SYSTEM32\WSOCK32.dll
0x00007ffed2420000 - 0x00007ffed242a000 	C:\Windows\SYSTEM32\VERSION.dll
0x00007ffedaa90000 - 0x00007ffedaaff000 	C:\Windows\System32\WS2_32.dll
0x00007ffec30f0000 - 0x00007ffec3123000 	C:\Windows\SYSTEM32\WINMM.dll
0x00007ffed7b20000 - 0x00007ffed7b38000 	C:\Windows\SYSTEM32\kernel.appcore.dll
0x00007ffed21f0000 - 0x00007ffed2200000 	C:\Program Files\Amazon Corretto\jdk11.0.14_10\bin\verify.dll
0x00007ffed63d0000 - 0x00007ffed65f1000 	C:\Windows\SYSTEM32\DBGHELP.DLL
0x00007ffed1ec0000 - 0x00007ffed1ef1000 	C:\Windows\SYSTEM32\dbgcore.DLL
0x00007ffed8960000 - 0x00007ffed89df000 	C:\Windows\System32\bcryptPrimitives.dll
0x00007ffeb8510000 - 0x00007ffeb8538000 	C:\Program Files\Amazon Corretto\jdk11.0.14_10\bin\java.dll
0x00007ffed2130000 - 0x00007ffed213a000 	C:\Program Files\Amazon Corretto\jdk11.0.14_10\bin\jimage.dll
0x00007ffeccb00000 - 0x00007ffeccb18000 	C:\Program Files\Amazon Corretto\jdk11.0.14_10\bin\zip.dll
0x00007ffed9690000 - 0x00007ffed9e3f000 	C:\Windows\System32\SHELL32.dll
0x00007ffed6ab0000 - 0x00007ffed7318000 	C:\Windows\SYSTEM32\windows.storage.dll
0x00007ffedabd0000 - 0x00007ffedaf48000 	C:\Windows\System32\combase.dll
0x00007ffed6940000 - 0x00007ffed6aa6000 	C:\Windows\SYSTEM32\wintypes.dll
0x00007ffeda3e0000 - 0x00007ffeda4ca000 	C:\Windows\System32\SHCORE.dll
0x00007ffedb3a0000 - 0x00007ffedb3fd000 	C:\Windows\System32\shlwapi.dll
0x00007ffed8860000 - 0x00007ffed8881000 	C:\Windows\SYSTEM32\profapi.dll
0x00007ffebb3c0000 - 0x00007ffebb3d9000 	C:\Program Files\Amazon Corretto\jdk11.0.14_10\bin\net.dll
0x00007ffed3ca0000 - 0x00007ffed3dac000 	C:\Windows\SYSTEM32\WINHTTP.dll
0x00007ffed7f50000 - 0x00007ffed7fb7000 	C:\Windows\system32\mswsock.dll
0x00007ffebb1d0000 - 0x00007ffebb1e3000 	C:\Program Files\Amazon Corretto\jdk11.0.14_10\bin\nio.dll
0x00007ffe9b8c0000 - 0x00007ffe9b924000 	C:\Users\tylor\AppData\Local\Temp\lwjgltylor\3.2.3-build-13\lwjgl.dll
0x00007ffe9b320000 - 0x00007ffe9b382000 	C:\Users\tylor\AppData\Local\Temp\lwjgltylor\3.2.3-build-13\glfw.dll
0x00007ffed58b0000 - 0x00007ffed595c000 	C:\Windows\system32\uxtheme.dll
0x00007ffe9ebe0000 - 0x00007ffe9ec25000 	C:\Windows\SYSTEM32\dinput8.dll
0x00007ffeb3700000 - 0x00007ffeb3711000 	C:\Windows\SYSTEM32\xinput1_4.dll
0x00007ffed8650000 - 0x00007ffed867c000 	C:\Windows\SYSTEM32\DEVOBJ.dll
0x00007ffed8600000 - 0x00007ffed864c000 	C:\Windows\SYSTEM32\cfgmgr32.dll
0x00007ffed5f80000 - 0x00007ffed5faf000 	C:\Windows\SYSTEM32\dwmapi.dll
0x00007ffeb95a0000 - 0x00007ffeb9769000 	C:\Windows\SYSTEM32\inputhost.dll
0x00007ffed2ce0000 - 0x00007ffed2e12000 	C:\Windows\SYSTEM32\CoreMessaging.dll
0x00007ffed81b0000 - 0x00007ffed81bc000 	C:\Windows\SYSTEM32\CRYPTBASE.DLL
0x00007ffedaf50000 - 0x00007ffedb06e000 	C:\Windows\System32\MSCTF.dll
0x00007ffed7320000 - 0x00007ffed732e000 	C:\Windows\SYSTEM32\HID.DLL
0x00007ffed9f60000 - 0x00007ffeda3cc000 	C:\Windows\System32\SETUPAPI.DLL
0x00007ffed8c20000 - 0x00007ffed8c87000 	C:\Windows\System32\WINTRUST.dll
0x00007ffed9170000 - 0x00007ffed92d2000 	C:\Windows\System32\CRYPT32.dll
0x00007ffed81f0000 - 0x00007ffed8202000 	C:\Windows\SYSTEM32\MSASN1.dll
0x00007ffea7bf0000 - 0x00007ffea7cf1000 	C:\Windows\SYSTEM32\opengl32.dll
0x00007ffea83b0000 - 0x00007ffea83dd000 	C:\Windows\SYSTEM32\GLU32.dll
0x00007ffed5dc0000 - 0x00007ffed5df8000 	C:\Windows\SYSTEM32\dxcore.dll
0x00007ffecd410000 - 0x00007ffecd454000 	C:\Windows\SYSTEM32\directxdatabasehelper.dll
0x00007ffed5e40000 - 0x00007ffed5e74000 	C:\Windows\SYSTEM32\ntmarta.dll
0x00007ffedab20000 - 0x00007ffedabcf000 	C:\Windows\System32\clbcatq.dll
0x00007ffe3a260000 - 0x00007ffe3b266000 	C:\Windows\System32\DriverStore\FileRepository\iigd_dch.inf_amd64_1973c0a49e1f4f8c\igxelpicd64.dll
0x00007ffed94f0000 - 0x00007ffed968a000 	C:\Windows\System32\ole32.dll
0x00007ffed5a20000 - 0x00007ffed5b13000 	C:\Windows\system32\dxgi.dll
0x00007ffe8faf0000 - 0x00007ffe8ff8e000 	C:\Windows\System32\DriverStore\FileRepository\iigd_dch.inf_amd64_1973c0a49e1f4f8c\igdml64.dll
0x00007ffec7a70000 - 0x00007ffec7e31000 	C:\Windows\System32\DriverStore\FileRepository\iigd_dch.inf_amd64_1973c0a49e1f4f8c\igdgmm64.dll
0x00007ffec47e0000 - 0x00007ffec7a40000 	C:\Windows\System32\DriverStore\FileRepository\iigd_dch.inf_amd64_1973c0a49e1f4f8c\igc64.dll
0x00007ffed7330000 - 0x00007ffed737d000 	C:\Windows\SYSTEM32\powrprof.dll
0x00007ffed7420000 - 0x00007ffed7433000 	C:\Windows\SYSTEM32\UMPDC.dll
0x00007ffebced0000 - 0x00007ffebcffd000 	C:\Windows\SYSTEM32\textinputframework.dll
0x00007ffed9e60000 - 0x00007ffed9f36000 	C:\Windows\System32\OLEAUT32.dll
0x00007ffecc570000 - 0x00007ffecc8dd000 	C:\Windows\SYSTEM32\CoreUIComponents.dll
0x00007ffe9b2c0000 - 0x00007ffe9b319000 	C:\Users\tylor\AppData\Local\Temp\lwjgltylor\3.2.3-build-13\lwjgl_opengl.dll
0x00007ffe9b240000 - 0x00007ffe9b2b7000 	C:\Users\tylor\AppData\Local\Temp\lwjgltylor\3.2.3-build-13\lwjgl_stb.dll

dbghelp: loaded successfully - version: 4.0.5 - missing functions: none
symbol engine: initialized successfully - sym options: 0x614 - pdb path: .;C:\Program Files\Amazon Corretto\jdk11.0.14_10\bin;C:\Windows\SYSTEM32;C:\Windows\WinSxS\amd64_microsoft.windows.common-controls_6595b64144ccf1df_6.0.22000.120_none_9d947278b86cc467;C:\Program Files\Amazon Corretto\jdk11.0.14_10\bin\server;C:\Users\tylor\AppData\Local\Temp\lwjgltylor\3.2.3-build-13;C:\Windows\System32\DriverStore\FileRepository\iigd_dch.inf_amd64_1973c0a49e1f4f8c

VM Arguments:
jvm_args: -Dfile.encoding=windows-1252 -Duser.country=US -Duser.language=en -Duser.variant 
java_command: Main
java_class_path (initial): C:\Users\tylor\development\GameEngine\build\classes\java\main;C:\Users\tylor\development\GameEngine\build\resources\main;C:\Users\tylor\.gradle\caches\modules-2\files-2.1\org.lwjgl\lwjgl-assimp\3.2.3\f62aa07a20afbdd3097efc296c4841e0d29700eb\lwjgl-assimp-3.2.3.jar;C:\Users\tylor\.gradle\caches\modules-2\files-2.1\org.lwjgl\lwjgl-assimp\3.2.3\4e60aeb75f0343c4a9ede4ef8b6b32ca702a00a3\lwjgl-assimp-3.2.3-natives-windows.jar;C:\Users\tylor\.gradle\caches\modules-2\files-2.1\org.lwjgl\lwjgl-glfw\3.2.3\5e520d5c290c8b012545a8d34fa5db5ab051ea53\lwjgl-glfw-3.2.3.jar;C:\Users\tylor\.gradle\caches\modules-2\files-2.1\org.lwjgl\lwjgl-glfw\3.2.3\b4d8a3477cdc2edcf7a5f1e822926be846223f54\lwjgl-glfw-3.2.3-natives-windows.jar;C:\Users\tylor\.gradle\caches\modules-2\files-2.1\org.lwjgl\lwjgl-nfd\3.2.3\c44fee1043c022cf6614a28872d44cf114ca7737\lwjgl-nfd-3.2.3.jar;C:\Users\tylor\.gradle\caches\modules-2\files-2.1\org.lwjgl\lwjgl-nfd\3.2.3\32782f5f5c57769efb82af864e70b819c77bc891\lwjgl-nfd-3.2.3-natives-windows.jar;C:\Users\tylor\.gradle\caches\modules-2\files-2.1\org.lwjgl\lwjgl-openal\3.2.3\106742e805803ab9eab8e343f0fb31a3d263903c\lwjgl-openal-3.2.3.jar;C:\Users\tylor\.gradle\caches\modules-2\files-2.1\org.lwjgl\lwjgl-openal\3.2.3\ec898e8ce11b5886f4f532a1536283ef2817758d\lwjgl-openal-3.2.3-natives-windows.jar;C:\Users\tylor\.gradle\caches\modules-2\files-2.1\org.lwjgl\lwjgl-opengl\3.2.3\bdd534a323d0c8f54969b95e424b6ac8984f7d6e\lwjgl-opengl-3.2.3.jar;C:\Users\tylor\.gradle\caches\modules-2\files-2.1\org.lwjgl\lwjgl-opengl\3.2.3\e81cfc73ec8708e5e791ed770e4ec3edfc1bbab1\lwjgl-opengl-3.2.3-natives-windows.jar;C:\Users\tylor\.gradle\caches\modules-2\files-2.1\org.lwjgl\lwjgl-stb\3.2.3\40eccaa4fa86fc815f2e17946a392fb5fdcc286a\lwjgl-stb-3.2.3.jar;C:\Users\tylor\.gradle\caches\modules-2\files-2.1\org.lwjgl\lwjgl-stb\3.2.3\817b21ec286f0ba3dcedb56a3bd275e6a9345be9\lwjgl-stb-3.2.3-natives-windows.jar;C:\Users\tylor\.gradle\caches\modules-2\files-2.1\org.lwjgl\lwjgl\3.2.
Launcher Type: SUN_STANDARD

[Global flags]
     intx CICompilerCount                          = 12                                        {product} {ergonomic}
     uint ConcGCThreads                            = 3                                         {product} {ergonomic}
     uint G1ConcRefinementThreads                  = 13                                        {product} {ergonomic}
   size_t G1HeapRegionSize                         = 1048576                                   {product} {ergonomic}
    uintx GCDrainStackTargetSize                   = 64                                        {product} {ergonomic}
   size_t InitialHeapSize                          = 266338304                                 {product} {ergonomic}
   size_t MarkStackSize                            = 4194304                                   {product} {ergonomic}
   size_t MaxHeapSize                              = 4234149888                                {product} {ergonomic}
   size_t MaxNewSize                               = 2539651072                                {product} {ergonomic}
   size_t MinHeapDeltaBytes                        = 1048576                                   {product} {ergonomic}
    uintx NonNMethodCodeHeapSize                   = 7594288                                {pd product} {ergonomic}
    uintx NonProfiledCodeHeapSize                  = 122031976                              {pd product} {ergonomic}
    uintx ProfiledCodeHeapSize                     = 122031976                              {pd product} {ergonomic}
    uintx ReservedCodeCacheSize                    = 251658240                              {pd product} {ergonomic}
     bool SegmentedCodeCache                       = true                                      {product} {ergonomic}
     bool UseCompressedClassPointers               = true                                 {lp64_product} {ergonomic}
     bool UseCompressedOops                        = true                                 {lp64_product} {ergonomic}
     bool UseG1GC                                  = true                                      {product} {ergonomic}
     bool UseLargePagesIndividualAllocation        = false                                  {pd product} {ergonomic}

Logging:
Log output configuration:
 #0: stdout all=warning uptime,level,tags
 #1: stderr all=off uptime,level,tags

Environment Variables:
JAVA_HOME=C:\Program Files\Amazon Corretto\jdk11.0.14_10
PATH=C:\Program Files\Amazon Corretto\jdk11.0.14_10\bin;C:\Program Files\Microsoft\jdk-11.0.12.7-hotspot\bin;C:\Python310\Scripts\;C:\Python310\;C:\Windows\system32;C:\Windows;C:\Windows\System32\Wbem;C:\Windows\System32\WindowsPowerShell\v1.0\;C:\Windows\System32\OpenSSH\;C:\Program Files (x86)\NVIDIA Corporation\PhysX\Common;C:\Program Files\NVIDIA Corporation\NVIDIA NvDLISR;C:\Program Files\nodejs\;C:\ProgramData\chocolatey\bin;C:\Program Files\Microsoft SQL Server\150\Tools\Binn\;C:\Program Files\Microsoft SQL Server\Client SDK\ODBC\170\Tools\Binn\;C:\Program Files\Git\cmd;C:\Program Files\PuTTY\;C:\Program Files\Docker\Docker\resources\bin;C:\ProgramData\DockerDesktop\version-bin;C:\Program Files\CMake\bin;C:\Program Files\dotnet\;C:\Program Files\MySQL\MySQL Shell 8.0\bin\;C:\Users\tylor\AppData\Local\Microsoft\WindowsApps;C:\Users\tylor\AppData\Local\Programs\Microsoft VS Code\bin;C:\Users\tylor\AppData\Roaming\npm;C:\Users\tylor\AppData\Local\GitHubDesktop\bin;C:\Program Files\JetBrains\IntelliJ IDEA Community Edition 2021.3.2\bin;;C:\Program Files\apache-maven-3.8.4\bin;C:\Program Files\PostgreSQL\14\bin;C:\Users\tylor\AppData\Local\Programs\mongosh\;C:\Program Files (x86)\Maven\apache-maven-3.8.5\bin;C:\Users\tylor\ant\bin;C:\Users\tylor\.dotnet\tools;C:\Gradle\gradle-7.4.2\bin;
USERNAME=tylor
OS=Windows_NT
PROCESSOR_IDENTIFIER=Intel64 Family 6 Model 141 Stepping 1, GenuineIntel



---------------  S Y S T E M  ---------------

OS: Windows 11 , 64 bit Build 22000 (10.0.22000.675)
OS uptime: 9 days 0:13 hours
Hyper-V role detected

CPU:total 16 (initial active 16) (8 cores per cpu, 2 threads per core) family 6 model 141 stepping 1 microcode 0x32, cmov, cx8, fxsr, mmx, sse, sse2, sse3, ssse3, sse4.1, sse4.2, popcnt, avx, avx2, aes, clmul, erms, 3dnowpref, lzcnt, ht, tsc, tscinvbit, bmi1, bmi2, adx, evex, sha, fma

Memory: 4k page, system-wide physical 16151M (4060M free)
TotalPageFile size 32023M (AvailPageFile size 10346M)
current process WorkingSet (physical memory assigned to process): 242M, peak: 242M
current process commit charge ("private bytes"): 441M, peak: 441M

vm_info: OpenJDK 64-Bit Server VM (11.0.14.1+10-LTS) for windows-amd64 JRE (11.0.14.1+10-LTS), built on Feb  8 2022 00:13:20 by "Administrator" with unknown MS VC++:1916

END.
