#
# A fatal error has been detected by the Java Runtime Environment:
#
#  EXCEPTION_ACCESS_VIOLATION (0xc0000005) at pc=0x0000000064b4081f, pid=6716, tid=15800
#
# JRE version: OpenJDK Runtime Environment Corretto-11.0.14.10.1 (11.0.14.1+10) (build 11.0.14.1+10-LTS)
# Java VM: OpenJDK 64-Bit Server VM Corretto-11.0.14.10.1 (11.0.14.1+10-LTS, mixed mode, tiered, compressed oops, g1 gc, windows-amd64)
# Problematic frame:
# C  [imgui-java64.dll+0x14081f]
#
# No core dump will be written. Minidumps are not enabled by default on client versions of Windows
#
# If you would like to submit a bug report, please visit:
#   https://github.com/corretto/corretto-11/issues/
# The crash happened outside the Java Virtual Machine in native code.
# See problematic frame for where to report the bug.
#

---------------  S U M M A R Y ------------

Command Line: -Dfile.encoding=windows-1252 -Duser.country=US -Duser.language=en -Duser.variant -ea Main java.library.path=libs

Host: 11th Gen Intel(R) Core(TM) i7-11800H @ 2.30GHz, 16 cores, 15G,  Windows 11 , 64 bit Build 22000 (10.0.22000.675)
Time: Wed Jun  8 18:27:02 2022 Eastern Daylight Time elapsed time: 0.763626 seconds (0d 0h 0m 0s)

---------------  T H R E A D  ---------------

Current thread (0x000001db4bd90000):  JavaThread "main" [_thread_in_native, id=15800, stack(0x0000000fcb800000,0x0000000fcb900000)]

Stack: [0x0000000fcb800000,0x0000000fcb900000],  sp=0x0000000fcb8ff050,  free space=1020k
Native frames: (J=compiled Java code, j=interpreted, Vv=VM code, C=native code)
C  [imgui-java64.dll+0x14081f]

Java frames: (J=compiled Java code, j=interpreted, Vv=VM code)
j  imgui.ImGui.colorPicker4(Ljava/lang/String;[F)Z+0
j  jade.component.SpriteRenderer.imgui()V+47
j  jade.gameObject.GameObject.update(F)V+35
j  LevelEditorScene.update(F)V+107
j  window.Window.loop()V+72
j  window.Window.run()V+24
j  Main.main([Ljava/lang/String;)V+12
v  ~StubRoutines::call_stub

siginfo: EXCEPTION_ACCESS_VIOLATION (0xc0000005), reading address 0x00000000000000cc


Register to memory mapping:

RIP=0x0000000064b4081f imgui-java64.dll
RAX=0x0000000064fb9148 imgui-java64.dll
RBX=0x000001db78200d20 points into unknown readable memory: 0x695020726f6c6f43 | 43 6f 6c 6f 72 20 50 69
RCX=0x000001db78200d20 points into unknown readable memory: 0x695020726f6c6f43 | 43 6f 6c 6f 72 20 50 69
RDX=0x0000000712bd1f18 is pointing into object: [F 
{0x0000000712bd1f08} - klass: {type array float}
 - length: 4
RSP=0x0000000fcb8ff050 is pointing into the stack for thread: 0x000001db4bd90000
RBP=0x0000000fcb8ff378 is pointing into the stack for thread: 0x000001db4bd90000
RSI=0x000001db7f113a30 points into unknown readable memory: 0x000001db49dc0101 | 01 01 dc 49 db 01 00 00
RDI=0x0 is NULL
R8 =0x0 is NULL
R9 =0x0 is NULL
R10=0x000001db78200d2c points into unknown readable memory: 00 2b b9 01
R11=0x0000000fcb8ff280 is pointing into the stack for thread: 0x000001db4bd90000
R12=0x000001db4bd90348 points into unknown readable memory: 0x000001db715233b0 | b0 33 52 71 db 01 00 00
R13=0x0000000fcb8ff3a0 is pointing into the stack for thread: 0x000001db4bd90000
R14=0x0000000fcb8ff398 is pointing into the stack for thread: 0x000001db4bd90000
R15=0x0 is NULL


Registers:
RAX=0x0000000064fb9148, RBX=0x000001db78200d20, RCX=0x000001db78200d20, RDX=0x0000000712bd1f18
RSP=0x0000000fcb8ff050, RBP=0x0000000fcb8ff378, RSI=0x000001db7f113a30, RDI=0x0000000000000000
R8 =0x0000000000000000, R9 =0x0000000000000000, R10=0x000001db78200d2c, R11=0x0000000fcb8ff280
R12=0x000001db4bd90348, R13=0x0000000fcb8ff3a0, R14=0x0000000fcb8ff398, R15=0x0000000000000000
RIP=0x0000000064b4081f, EFLAGS=0x0000000000010246

Top of Stack: (sp=0x0000000fcb8ff050)
0x0000000fcb8ff050:   000001db499e0000 00007ffedb46901a
0x0000000fcb8ff060:   000001db49ae0000 0000000000000006
0x0000000fcb8ff070:   000000000000000d 0000000000000000
0x0000000fcb8ff080:   0000000000000000 0000000f00000000
0x0000000fcb8ff090:   0000000f00000002 000001db54525180
0x0000000fcb8ff0a0:   0000000000000000 000001db545251af
0x0000000fcb8ff0b0:   000001db54525580 0000000000000000
0x0000000fcb8ff0c0:   0000000000000000 0000000000000000
0x0000000fcb8ff0d0:   000001db54525180 0000000f01000000
0x0000000fcb8ff0e0:   0000000fcb8ff040 0000000000000000
0x0000000fcb8ff0f0:   0000000000000000 0000000000000000
0x0000000fcb8ff100:   0000000000000000 0000000000000000
0x0000000fcb8ff110:   0000000000000000 0000000000000000
0x0000000fcb8ff120:   0000000000000000 0000000000000007
0x0000000fcb8ff130:   0000000fcb8ff3a0 000001db4bd90348
0x0000000fcb8ff140:   000000000000000d 0000000000000000 

Instructions: (pc=0x0000000064b4081f)
0x0000000064b4071f:   8d 3f f1 ff e9 3a f7 ff ff 0f 1f 84 00 00 00 00
0x0000000064b4072f:   00 31 d2 48 8d 0d 09 11 3f 00 e8 22 e3 f1 ff 48
0x0000000064b4073f:   89 c2 48 85 c0 0f 85 72 fe ff ff e8 21 e6 f1 ff
0x0000000064b4074f:   e9 8f f8 ff ff 48 8d 46 08 49 89 f1 48 89 44 24
0x0000000064b4075f:   28 48 8d 46 04 48 89 44 24 20 f3 0f 10 56 08 f3
0x0000000064b4076f:   0f 10 4e 04 f3 0f 10 06 e8 d4 64 f0 ff e9 99 fe
0x0000000064b4077f:   ff ff 41 0f 10 c0 e9 7a f4 ff ff 66 0f 1f 44 00
0x0000000064b4078f:   00 41 83 c8 02 e9 67 ef ff ff 0f 1f 80 00 00 00
0x0000000064b4079f:   00 41 57 41 56 41 55 41 54 55 57 56 53 48 81 ec
0x0000000064b407af:   08 02 00 00 0f 11 b4 24 60 01 00 00 0f 11 bc 24
0x0000000064b407bf:   70 01 00 00 44 0f 11 84 24 80 01 00 00 44 0f 11
0x0000000064b407cf:   8c 24 90 01 00 00 44 0f 11 94 24 a0 01 00 00 44
0x0000000064b407df:   0f 11 9c 24 b0 01 00 00 44 0f 11 a4 24 c0 01 00
0x0000000064b407ef:   00 44 0f 11 ac 24 d0 01 00 00 44 0f 11 b4 24 e0
0x0000000064b407ff:   01 00 00 44 0f 11 bc 24 f0 01 00 00 48 8b 05 0e
0x0000000064b4080f:   b5 41 00 45 31 ff 48 8b 30 48 8b be 28 1d 00 00
0x0000000064b4081f:   80 bf cc 00 00 00 00 c6 87 c9 00 00 00 01 49 89
0x0000000064b4082f:   d5 44 89 c3 48 89 8c 24 50 02 00 00 4c 89 8c 24
0x0000000064b4083f:   68 02 00 00 74 73 0f 10 b4 24 60 01 00 00 44 89
0x0000000064b4084f:   f8 0f 10 bc 24 70 01 00 00 44 0f 10 84 24 80 01
0x0000000064b4085f:   00 00 44 0f 10 8c 24 90 01 00 00 44 0f 10 94 24
0x0000000064b4086f:   a0 01 00 00 44 0f 10 9c 24 b0 01 00 00 44 0f 10
0x0000000064b4087f:   a4 24 c0 01 00 00 44 0f 10 ac 24 d0 01 00 00 44
0x0000000064b4088f:   0f 10 b4 24 e0 01 00 00 44 0f 10 bc 24 f0 01 00
0x0000000064b4089f:   00 48 81 c4 08 02 00 00 5b 5e 5f 5d 41 5c 41 5d
0x0000000064b408af:   41 5e 41 5f c3 0f 1f 40 00 4c 8b a7 b0 02 00 00
0x0000000064b408bf:   e8 ec 62 f1 ff 48 8b 8c 24 50 02 00 00 c7 86 d4
0x0000000064b408cf:   1d 00 00 00 00 00 00 0f 10 f0 e8 c2 e3 f2 ff e8
0x0000000064b408df:   cd 66 f1 ff 89 d8 83 c8 10 f6 c7 01 0f 44 d8 89
0x0000000064b408ef:   dd 83 e5 08 0f 84 c7 19 00 00 89 d8 25 00 00 00
0x0000000064b408ff:   06 0f 85 ea 04 00 00 8b 86 ac 31 00 00 b9 00 00
0x0000000064b4090f:   00 02 89 c2 81 e2 00 00 00 06 0f 44 d1 09 d3 41 


Stack slot to memory mapping:
stack at sp + 0 slots: 0x000001db499e0000 points into unknown readable memory: 0x0000000000000000 | 00 00 00 00 00 00 00 00
stack at sp + 1 slots: 0x00007ffedb46901a ntdll.dll
stack at sp + 2 slots: 0x000001db49ae0000 points into unknown readable memory: 0x0000000000000000 | 00 00 00 00 00 00 00 00
stack at sp + 3 slots: 0x0000000000000006 is an unknown value
stack at sp + 4 slots: 0x000000000000000d is an unknown value
stack at sp + 5 slots: 0x0 is NULL
stack at sp + 6 slots: 0x0 is NULL
stack at sp + 7 slots: 0x0000000f00000000 is an unknown value


---------------  P R O C E S S  ---------------

Threads class SMR info:
_java_thread_list=0x000001db70f3b950, length=12, elements={
0x000001db4bd90000, 0x000001db704bd000, 0x000001db704c8800, 0x000001db70dc6800,
0x000001db70dc9800, 0x000001db70dce000, 0x000001db70dd3000, 0x000001db70de2800,
0x000001db70df8000, 0x000001db70de2000, 0x000001db70de4800, 0x000001db70fa7000
}

Java Threads: ( => current thread )
=>0x000001db4bd90000 JavaThread "main" [_thread_in_native, id=15800, stack(0x0000000fcb800000,0x0000000fcb900000)]
  0x000001db704bd000 JavaThread "Reference Handler" daemon [_thread_blocked, id=11000, stack(0x0000000fcbf00000,0x0000000fcc000000)]
  0x000001db704c8800 JavaThread "Finalizer" daemon [_thread_blocked, id=23300, stack(0x0000000fcc000000,0x0000000fcc100000)]
  0x000001db70dc6800 JavaThread "Signal Dispatcher" daemon [_thread_blocked, id=10584, stack(0x0000000fcc100000,0x0000000fcc200000)]
  0x000001db70dc9800 JavaThread "Attach Listener" daemon [_thread_blocked, id=820, stack(0x0000000fcc200000,0x0000000fcc300000)]
  0x000001db70dce000 JavaThread "Service Thread" daemon [_thread_blocked, id=16308, stack(0x0000000fcc300000,0x0000000fcc400000)]
  0x000001db70dd3000 JavaThread "C2 CompilerThread0" daemon [_thread_blocked, id=21340, stack(0x0000000fcc400000,0x0000000fcc500000)]
  0x000001db70de2800 JavaThread "C1 CompilerThread0" daemon [_thread_blocked, id=11500, stack(0x0000000fcc500000,0x0000000fcc600000)]
  0x000001db70df8000 JavaThread "Sweeper thread" daemon [_thread_blocked, id=33616, stack(0x0000000fcc600000,0x0000000fcc700000)]
  0x000001db70de2000 JavaThread "C1 CompilerThread1" daemon [_thread_blocked, id=31988, stack(0x0000000fcc700000,0x0000000fcc800000)]
  0x000001db70de4800 JavaThread "C1 CompilerThread2" daemon [_thread_blocked, id=19348, stack(0x0000000fcc800000,0x0000000fcc900000)]
  0x000001db70fa7000 JavaThread "Common-Cleaner" daemon [_thread_blocked, id=20596, stack(0x0000000fcca00000,0x0000000fccb00000)]

Other Threads:
  0x000001db704bb800 VMThread "VM Thread" [stack: 0x0000000fcbe00000,0x0000000fcbf00000] [id=17112]
  0x000001db70f9f000 WatcherThread [stack: 0x0000000fcc900000,0x0000000fcca00000] [id=31504]
  0x000001db4bda7800 GCTaskThread "GC Thread#0" [stack: 0x0000000fcb900000,0x0000000fcba00000] [id=8448]
  0x000001db4be07000 ConcurrentGCThread "G1 Main Marker" [stack: 0x0000000fcba00000,0x0000000fcbb00000] [id=9084]
  0x000001db4be09800 ConcurrentGCThread "G1 Conc#0" [stack: 0x0000000fcbb00000,0x0000000fcbc00000] [id=14712]
  0x000001db7039f800 ConcurrentGCThread "G1 Refine#0" [stack: 0x0000000fcbc00000,0x0000000fcbd00000] [id=23784]
  0x000001db703a0800 ConcurrentGCThread "G1 Young RemSet Sampling" [stack: 0x0000000fcbd00000,0x0000000fcbe00000] [id=30292]

Threads with active compile tasks:

VM state:not at safepoint (normal execution)

VM Mutex/Monitor currently owned by a thread: None

Heap address: 0x0000000703a00000, size: 4038 MB, Compressed Oops mode: Zero based, Oop shift amount: 3
Narrow klass base: 0x0000000800000000, Narrow klass shift: 0
Compressed class space size: 1073741824 Address: 0x0000000800000000

Heap:
 garbage-first heap   total 260096K, used 11264K [0x0000000703a00000, 0x0000000800000000)
  region size 1024K, 13 young (13312K), 0 survivors (0K)
 Metaspace       used 11234K, capacity 11471K, committed 11776K, reserved 1060864K
  class space    used 823K, capacity 924K, committed 1024K, reserved 1048576K
Heap Regions: E=young(eden), S=young(survivor), O=old, HS=humongous(starts), HC=humongous(continues), CS=collection set, F=free, A=archive, TAMS=top-at-mark-start (previous, next)
|   0|0x0000000703a00000, 0x0000000703a00000, 0x0000000703b00000|  0%| F|  |TAMS 0x0000000703a00000, 0x0000000703a00000| Untracked 
|   1|0x0000000703b00000, 0x0000000703b00000, 0x0000000703c00000|  0%| F|  |TAMS 0x0000000703b00000, 0x0000000703b00000| Untracked 
|   2|0x0000000703c00000, 0x0000000703c00000, 0x0000000703d00000|  0%| F|  |TAMS 0x0000000703c00000, 0x0000000703c00000| Untracked 
|   3|0x0000000703d00000, 0x0000000703d00000, 0x0000000703e00000|  0%| F|  |TAMS 0x0000000703d00000, 0x0000000703d00000| Untracked 
|   4|0x0000000703e00000, 0x0000000703e00000, 0x0000000703f00000|  0%| F|  |TAMS 0x0000000703e00000, 0x0000000703e00000| Untracked 
|   5|0x0000000703f00000, 0x0000000703f00000, 0x0000000704000000|  0%| F|  |TAMS 0x0000000703f00000, 0x0000000703f00000| Untracked 
|   6|0x0000000704000000, 0x0000000704000000, 0x0000000704100000|  0%| F|  |TAMS 0x0000000704000000, 0x0000000704000000| Untracked 
|   7|0x0000000704100000, 0x0000000704100000, 0x0000000704200000|  0%| F|  |TAMS 0x0000000704100000, 0x0000000704100000| Untracked 
|   8|0x0000000704200000, 0x0000000704200000, 0x0000000704300000|  0%| F|  |TAMS 0x0000000704200000, 0x0000000704200000| Untracked 
|   9|0x0000000704300000, 0x0000000704300000, 0x0000000704400000|  0%| F|  |TAMS 0x0000000704300000, 0x0000000704300000| Untracked 
|  10|0x0000000704400000, 0x0000000704400000, 0x0000000704500000|  0%| F|  |TAMS 0x0000000704400000, 0x0000000704400000| Untracked 
|  11|0x0000000704500000, 0x0000000704500000, 0x0000000704600000|  0%| F|  |TAMS 0x0000000704500000, 0x0000000704500000| Untracked 
|  12|0x0000000704600000, 0x0000000704600000, 0x0000000704700000|  0%| F|  |TAMS 0x0000000704600000, 0x0000000704600000| Untracked 
|  13|0x0000000704700000, 0x0000000704700000, 0x0000000704800000|  0%| F|  |TAMS 0x0000000704700000, 0x0000000704700000| Untracked 
|  14|0x0000000704800000, 0x0000000704800000, 0x0000000704900000|  0%| F|  |TAMS 0x0000000704800000, 0x0000000704800000| Untracked 
|  15|0x0000000704900000, 0x0000000704900000, 0x0000000704a00000|  0%| F|  |TAMS 0x0000000704900000, 0x0000000704900000| Untracked 
|  16|0x0000000704a00000, 0x0000000704a00000, 0x0000000704b00000|  0%| F|  |TAMS 0x0000000704a00000, 0x0000000704a00000| Untracked 
|  17|0x0000000704b00000, 0x0000000704b00000, 0x0000000704c00000|  0%| F|  |TAMS 0x0000000704b00000, 0x0000000704b00000| Untracked 
|  18|0x0000000704c00000, 0x0000000704c00000, 0x0000000704d00000|  0%| F|  |TAMS 0x0000000704c00000, 0x0000000704c00000| Untracked 
|  19|0x0000000704d00000, 0x0000000704d00000, 0x0000000704e00000|  0%| F|  |TAMS 0x0000000704d00000, 0x0000000704d00000| Untracked 
|  20|0x0000000704e00000, 0x0000000704e00000, 0x0000000704f00000|  0%| F|  |TAMS 0x0000000704e00000, 0x0000000704e00000| Untracked 
|  21|0x0000000704f00000, 0x0000000704f00000, 0x0000000705000000|  0%| F|  |TAMS 0x0000000704f00000, 0x0000000704f00000| Untracked 
|  22|0x0000000705000000, 0x0000000705000000, 0x0000000705100000|  0%| F|  |TAMS 0x0000000705000000, 0x0000000705000000| Untracked 
|  23|0x0000000705100000, 0x0000000705100000, 0x0000000705200000|  0%| F|  |TAMS 0x0000000705100000, 0x0000000705100000| Untracked 
|  24|0x0000000705200000, 0x0000000705200000, 0x0000000705300000|  0%| F|  |TAMS 0x0000000705200000, 0x0000000705200000| Untracked 
|  25|0x0000000705300000, 0x0000000705300000, 0x0000000705400000|  0%| F|  |TAMS 0x0000000705300000, 0x0000000705300000| Untracked 
|  26|0x0000000705400000, 0x0000000705400000, 0x0000000705500000|  0%| F|  |TAMS 0x0000000705400000, 0x0000000705400000| Untracked 
|  27|0x0000000705500000, 0x0000000705500000, 0x0000000705600000|  0%| F|  |TAMS 0x0000000705500000, 0x0000000705500000| Untracked 
|  28|0x0000000705600000, 0x0000000705600000, 0x0000000705700000|  0%| F|  |TAMS 0x0000000705600000, 0x0000000705600000| Untracked 
|  29|0x0000000705700000, 0x0000000705700000, 0x0000000705800000|  0%| F|  |TAMS 0x0000000705700000, 0x0000000705700000| Untracked 
|  30|0x0000000705800000, 0x0000000705800000, 0x0000000705900000|  0%| F|  |TAMS 0x0000000705800000, 0x0000000705800000| Untracked 
|  31|0x0000000705900000, 0x0000000705900000, 0x0000000705a00000|  0%| F|  |TAMS 0x0000000705900000, 0x0000000705900000| Untracked 
|  32|0x0000000705a00000, 0x0000000705a00000, 0x0000000705b00000|  0%| F|  |TAMS 0x0000000705a00000, 0x0000000705a00000| Untracked 
|  33|0x0000000705b00000, 0x0000000705b00000, 0x0000000705c00000|  0%| F|  |TAMS 0x0000000705b00000, 0x0000000705b00000| Untracked 
|  34|0x0000000705c00000, 0x0000000705c00000, 0x0000000705d00000|  0%| F|  |TAMS 0x0000000705c00000, 0x0000000705c00000| Untracked 
|  35|0x0000000705d00000, 0x0000000705d00000, 0x0000000705e00000|  0%| F|  |TAMS 0x0000000705d00000, 0x0000000705d00000| Untracked 
|  36|0x0000000705e00000, 0x0000000705e00000, 0x0000000705f00000|  0%| F|  |TAMS 0x0000000705e00000, 0x0000000705e00000| Untracked 
|  37|0x0000000705f00000, 0x0000000705f00000, 0x0000000706000000|  0%| F|  |TAMS 0x0000000705f00000, 0x0000000705f00000| Untracked 
|  38|0x0000000706000000, 0x0000000706000000, 0x0000000706100000|  0%| F|  |TAMS 0x0000000706000000, 0x0000000706000000| Untracked 
|  39|0x0000000706100000, 0x0000000706100000, 0x0000000706200000|  0%| F|  |TAMS 0x0000000706100000, 0x0000000706100000| Untracked 
|  40|0x0000000706200000, 0x0000000706200000, 0x0000000706300000|  0%| F|  |TAMS 0x0000000706200000, 0x0000000706200000| Untracked 
|  41|0x0000000706300000, 0x0000000706300000, 0x0000000706400000|  0%| F|  |TAMS 0x0000000706300000, 0x0000000706300000| Untracked 
|  42|0x0000000706400000, 0x0000000706400000, 0x0000000706500000|  0%| F|  |TAMS 0x0000000706400000, 0x0000000706400000| Untracked 
|  43|0x0000000706500000, 0x0000000706500000, 0x0000000706600000|  0%| F|  |TAMS 0x0000000706500000, 0x0000000706500000| Untracked 
|  44|0x0000000706600000, 0x0000000706600000, 0x0000000706700000|  0%| F|  |TAMS 0x0000000706600000, 0x0000000706600000| Untracked 
|  45|0x0000000706700000, 0x0000000706700000, 0x0000000706800000|  0%| F|  |TAMS 0x0000000706700000, 0x0000000706700000| Untracked 
|  46|0x0000000706800000, 0x0000000706800000, 0x0000000706900000|  0%| F|  |TAMS 0x0000000706800000, 0x0000000706800000| Untracked 
|  47|0x0000000706900000, 0x0000000706900000, 0x0000000706a00000|  0%| F|  |TAMS 0x0000000706900000, 0x0000000706900000| Untracked 
|  48|0x0000000706a00000, 0x0000000706a00000, 0x0000000706b00000|  0%| F|  |TAMS 0x0000000706a00000, 0x0000000706a00000| Untracked 
|  49|0x0000000706b00000, 0x0000000706b00000, 0x0000000706c00000|  0%| F|  |TAMS 0x0000000706b00000, 0x0000000706b00000| Untracked 
|  50|0x0000000706c00000, 0x0000000706c00000, 0x0000000706d00000|  0%| F|  |TAMS 0x0000000706c00000, 0x0000000706c00000| Untracked 
|  51|0x0000000706d00000, 0x0000000706d00000, 0x0000000706e00000|  0%| F|  |TAMS 0x0000000706d00000, 0x0000000706d00000| Untracked 
|  52|0x0000000706e00000, 0x0000000706e00000, 0x0000000706f00000|  0%| F|  |TAMS 0x0000000706e00000, 0x0000000706e00000| Untracked 
|  53|0x0000000706f00000, 0x0000000706f00000, 0x0000000707000000|  0%| F|  |TAMS 0x0000000706f00000, 0x0000000706f00000| Untracked 
|  54|0x0000000707000000, 0x0000000707000000, 0x0000000707100000|  0%| F|  |TAMS 0x0000000707000000, 0x0000000707000000| Untracked 
|  55|0x0000000707100000, 0x0000000707100000, 0x0000000707200000|  0%| F|  |TAMS 0x0000000707100000, 0x0000000707100000| Untracked 
|  56|0x0000000707200000, 0x0000000707200000, 0x0000000707300000|  0%| F|  |TAMS 0x0000000707200000, 0x0000000707200000| Untracked 
|  57|0x0000000707300000, 0x0000000707300000, 0x0000000707400000|  0%| F|  |TAMS 0x0000000707300000, 0x0000000707300000| Untracked 
|  58|0x0000000707400000, 0x0000000707400000, 0x0000000707500000|  0%| F|  |TAMS 0x0000000707400000, 0x0000000707400000| Untracked 
|  59|0x0000000707500000, 0x0000000707500000, 0x0000000707600000|  0%| F|  |TAMS 0x0000000707500000, 0x0000000707500000| Untracked 
|  60|0x0000000707600000, 0x0000000707600000, 0x0000000707700000|  0%| F|  |TAMS 0x0000000707600000, 0x0000000707600000| Untracked 
|  61|0x0000000707700000, 0x0000000707700000, 0x0000000707800000|  0%| F|  |TAMS 0x0000000707700000, 0x0000000707700000| Untracked 
|  62|0x0000000707800000, 0x0000000707800000, 0x0000000707900000|  0%| F|  |TAMS 0x0000000707800000, 0x0000000707800000| Untracked 
|  63|0x0000000707900000, 0x0000000707900000, 0x0000000707a00000|  0%| F|  |TAMS 0x0000000707900000, 0x0000000707900000| Untracked 
|  64|0x0000000707a00000, 0x0000000707a00000, 0x0000000707b00000|  0%| F|  |TAMS 0x0000000707a00000, 0x0000000707a00000| Untracked 
|  65|0x0000000707b00000, 0x0000000707b00000, 0x0000000707c00000|  0%| F|  |TAMS 0x0000000707b00000, 0x0000000707b00000| Untracked 
|  66|0x0000000707c00000, 0x0000000707c00000, 0x0000000707d00000|  0%| F|  |TAMS 0x0000000707c00000, 0x0000000707c00000| Untracked 
|  67|0x0000000707d00000, 0x0000000707d00000, 0x0000000707e00000|  0%| F|  |TAMS 0x0000000707d00000, 0x0000000707d00000| Untracked 
|  68|0x0000000707e00000, 0x0000000707e00000, 0x0000000707f00000|  0%| F|  |TAMS 0x0000000707e00000, 0x0000000707e00000| Untracked 
|  69|0x0000000707f00000, 0x0000000707f00000, 0x0000000708000000|  0%| F|  |TAMS 0x0000000707f00000, 0x0000000707f00000| Untracked 
|  70|0x0000000708000000, 0x0000000708000000, 0x0000000708100000|  0%| F|  |TAMS 0x0000000708000000, 0x0000000708000000| Untracked 
|  71|0x0000000708100000, 0x0000000708100000, 0x0000000708200000|  0%| F|  |TAMS 0x0000000708100000, 0x0000000708100000| Untracked 
|  72|0x0000000708200000, 0x0000000708200000, 0x0000000708300000|  0%| F|  |TAMS 0x0000000708200000, 0x0000000708200000| Untracked 
|  73|0x0000000708300000, 0x0000000708300000, 0x0000000708400000|  0%| F|  |TAMS 0x0000000708300000, 0x0000000708300000| Untracked 
|  74|0x0000000708400000, 0x0000000708400000, 0x0000000708500000|  0%| F|  |TAMS 0x0000000708400000, 0x0000000708400000| Untracked 
|  75|0x0000000708500000, 0x0000000708500000, 0x0000000708600000|  0%| F|  |TAMS 0x0000000708500000, 0x0000000708500000| Untracked 
|  76|0x0000000708600000, 0x0000000708600000, 0x0000000708700000|  0%| F|  |TAMS 0x0000000708600000, 0x0000000708600000| Untracked 
|  77|0x0000000708700000, 0x0000000708700000, 0x0000000708800000|  0%| F|  |TAMS 0x0000000708700000, 0x0000000708700000| Untracked 
|  78|0x0000000708800000, 0x0000000708800000, 0x0000000708900000|  0%| F|  |TAMS 0x0000000708800000, 0x0000000708800000| Untracked 
|  79|0x0000000708900000, 0x0000000708900000, 0x0000000708a00000|  0%| F|  |TAMS 0x0000000708900000, 0x0000000708900000| Untracked 
|  80|0x0000000708a00000, 0x0000000708a00000, 0x0000000708b00000|  0%| F|  |TAMS 0x0000000708a00000, 0x0000000708a00000| Untracked 
|  81|0x0000000708b00000, 0x0000000708b00000, 0x0000000708c00000|  0%| F|  |TAMS 0x0000000708b00000, 0x0000000708b00000| Untracked 
|  82|0x0000000708c00000, 0x0000000708c00000, 0x0000000708d00000|  0%| F|  |TAMS 0x0000000708c00000, 0x0000000708c00000| Untracked 
|  83|0x0000000708d00000, 0x0000000708d00000, 0x0000000708e00000|  0%| F|  |TAMS 0x0000000708d00000, 0x0000000708d00000| Untracked 
|  84|0x0000000708e00000, 0x0000000708e00000, 0x0000000708f00000|  0%| F|  |TAMS 0x0000000708e00000, 0x0000000708e00000| Untracked 
|  85|0x0000000708f00000, 0x0000000708f00000, 0x0000000709000000|  0%| F|  |TAMS 0x0000000708f00000, 0x0000000708f00000| Untracked 
|  86|0x0000000709000000, 0x0000000709000000, 0x0000000709100000|  0%| F|  |TAMS 0x0000000709000000, 0x0000000709000000| Untracked 
|  87|0x0000000709100000, 0x0000000709100000, 0x0000000709200000|  0%| F|  |TAMS 0x0000000709100000, 0x0000000709100000| Untracked 
|  88|0x0000000709200000, 0x0000000709200000, 0x0000000709300000|  0%| F|  |TAMS 0x0000000709200000, 0x0000000709200000| Untracked 
|  89|0x0000000709300000, 0x0000000709300000, 0x0000000709400000|  0%| F|  |TAMS 0x0000000709300000, 0x0000000709300000| Untracked 
|  90|0x0000000709400000, 0x0000000709400000, 0x0000000709500000|  0%| F|  |TAMS 0x0000000709400000, 0x0000000709400000| Untracked 
|  91|0x0000000709500000, 0x0000000709500000, 0x0000000709600000|  0%| F|  |TAMS 0x0000000709500000, 0x0000000709500000| Untracked 
|  92|0x0000000709600000, 0x0000000709600000, 0x0000000709700000|  0%| F|  |TAMS 0x0000000709600000, 0x0000000709600000| Untracked 
|  93|0x0000000709700000, 0x0000000709700000, 0x0000000709800000|  0%| F|  |TAMS 0x0000000709700000, 0x0000000709700000| Untracked 
|  94|0x0000000709800000, 0x0000000709800000, 0x0000000709900000|  0%| F|  |TAMS 0x0000000709800000, 0x0000000709800000| Untracked 
|  95|0x0000000709900000, 0x0000000709900000, 0x0000000709a00000|  0%| F|  |TAMS 0x0000000709900000, 0x0000000709900000| Untracked 
|  96|0x0000000709a00000, 0x0000000709a00000, 0x0000000709b00000|  0%| F|  |TAMS 0x0000000709a00000, 0x0000000709a00000| Untracked 
|  97|0x0000000709b00000, 0x0000000709b00000, 0x0000000709c00000|  0%| F|  |TAMS 0x0000000709b00000, 0x0000000709b00000| Untracked 
|  98|0x0000000709c00000, 0x0000000709c00000, 0x0000000709d00000|  0%| F|  |TAMS 0x0000000709c00000, 0x0000000709c00000| Untracked 
|  99|0x0000000709d00000, 0x0000000709d00000, 0x0000000709e00000|  0%| F|  |TAMS 0x0000000709d00000, 0x0000000709d00000| Untracked 
| 100|0x0000000709e00000, 0x0000000709e00000, 0x0000000709f00000|  0%| F|  |TAMS 0x0000000709e00000, 0x0000000709e00000| Untracked 
| 101|0x0000000709f00000, 0x0000000709f00000, 0x000000070a000000|  0%| F|  |TAMS 0x0000000709f00000, 0x0000000709f00000| Untracked 
| 102|0x000000070a000000, 0x000000070a000000, 0x000000070a100000|  0%| F|  |TAMS 0x000000070a000000, 0x000000070a000000| Untracked 
| 103|0x000000070a100000, 0x000000070a100000, 0x000000070a200000|  0%| F|  |TAMS 0x000000070a100000, 0x000000070a100000| Untracked 
| 104|0x000000070a200000, 0x000000070a200000, 0x000000070a300000|  0%| F|  |TAMS 0x000000070a200000, 0x000000070a200000| Untracked 
| 105|0x000000070a300000, 0x000000070a300000, 0x000000070a400000|  0%| F|  |TAMS 0x000000070a300000, 0x000000070a300000| Untracked 
| 106|0x000000070a400000, 0x000000070a400000, 0x000000070a500000|  0%| F|  |TAMS 0x000000070a400000, 0x000000070a400000| Untracked 
| 107|0x000000070a500000, 0x000000070a500000, 0x000000070a600000|  0%| F|  |TAMS 0x000000070a500000, 0x000000070a500000| Untracked 
| 108|0x000000070a600000, 0x000000070a600000, 0x000000070a700000|  0%| F|  |TAMS 0x000000070a600000, 0x000000070a600000| Untracked 
| 109|0x000000070a700000, 0x000000070a700000, 0x000000070a800000|  0%| F|  |TAMS 0x000000070a700000, 0x000000070a700000| Untracked 
| 110|0x000000070a800000, 0x000000070a800000, 0x000000070a900000|  0%| F|  |TAMS 0x000000070a800000, 0x000000070a800000| Untracked 
| 111|0x000000070a900000, 0x000000070a900000, 0x000000070aa00000|  0%| F|  |TAMS 0x000000070a900000, 0x000000070a900000| Untracked 
| 112|0x000000070aa00000, 0x000000070aa00000, 0x000000070ab00000|  0%| F|  |TAMS 0x000000070aa00000, 0x000000070aa00000| Untracked 
| 113|0x000000070ab00000, 0x000000070ab00000, 0x000000070ac00000|  0%| F|  |TAMS 0x000000070ab00000, 0x000000070ab00000| Untracked 
| 114|0x000000070ac00000, 0x000000070ac00000, 0x000000070ad00000|  0%| F|  |TAMS 0x000000070ac00000, 0x000000070ac00000| Untracked 
| 115|0x000000070ad00000, 0x000000070ad00000, 0x000000070ae00000|  0%| F|  |TAMS 0x000000070ad00000, 0x000000070ad00000| Untracked 
| 116|0x000000070ae00000, 0x000000070ae00000, 0x000000070af00000|  0%| F|  |TAMS 0x000000070ae00000, 0x000000070ae00000| Untracked 
| 117|0x000000070af00000, 0x000000070af00000, 0x000000070b000000|  0%| F|  |TAMS 0x000000070af00000, 0x000000070af00000| Untracked 
| 118|0x000000070b000000, 0x000000070b000000, 0x000000070b100000|  0%| F|  |TAMS 0x000000070b000000, 0x000000070b000000| Untracked 
| 119|0x000000070b100000, 0x000000070b100000, 0x000000070b200000|  0%| F|  |TAMS 0x000000070b100000, 0x000000070b100000| Untracked 
| 120|0x000000070b200000, 0x000000070b200000, 0x000000070b300000|  0%| F|  |TAMS 0x000000070b200000, 0x000000070b200000| Untracked 
| 121|0x000000070b300000, 0x000000070b300000, 0x000000070b400000|  0%| F|  |TAMS 0x000000070b300000, 0x000000070b300000| Untracked 
| 122|0x000000070b400000, 0x000000070b400000, 0x000000070b500000|  0%| F|  |TAMS 0x000000070b400000, 0x000000070b400000| Untracked 
| 123|0x000000070b500000, 0x000000070b500000, 0x000000070b600000|  0%| F|  |TAMS 0x000000070b500000, 0x000000070b500000| Untracked 
| 124|0x000000070b600000, 0x000000070b600000, 0x000000070b700000|  0%| F|  |TAMS 0x000000070b600000, 0x000000070b600000| Untracked 
| 125|0x000000070b700000, 0x000000070b700000, 0x000000070b800000|  0%| F|  |TAMS 0x000000070b700000, 0x000000070b700000| Untracked 
| 126|0x000000070b800000, 0x000000070b800000, 0x000000070b900000|  0%| F|  |TAMS 0x000000070b800000, 0x000000070b800000| Untracked 
| 127|0x000000070b900000, 0x000000070b900000, 0x000000070ba00000|  0%| F|  |TAMS 0x000000070b900000, 0x000000070b900000| Untracked 
| 128|0x000000070ba00000, 0x000000070ba00000, 0x000000070bb00000|  0%| F|  |TAMS 0x000000070ba00000, 0x000000070ba00000| Untracked 
| 129|0x000000070bb00000, 0x000000070bb00000, 0x000000070bc00000|  0%| F|  |TAMS 0x000000070bb00000, 0x000000070bb00000| Untracked 
| 130|0x000000070bc00000, 0x000000070bc00000, 0x000000070bd00000|  0%| F|  |TAMS 0x000000070bc00000, 0x000000070bc00000| Untracked 
| 131|0x000000070bd00000, 0x000000070bd00000, 0x000000070be00000|  0%| F|  |TAMS 0x000000070bd00000, 0x000000070bd00000| Untracked 
| 132|0x000000070be00000, 0x000000070be00000, 0x000000070bf00000|  0%| F|  |TAMS 0x000000070be00000, 0x000000070be00000| Untracked 
| 133|0x000000070bf00000, 0x000000070bf00000, 0x000000070c000000|  0%| F|  |TAMS 0x000000070bf00000, 0x000000070bf00000| Untracked 
| 134|0x000000070c000000, 0x000000070c000000, 0x000000070c100000|  0%| F|  |TAMS 0x000000070c000000, 0x000000070c000000| Untracked 
| 135|0x000000070c100000, 0x000000070c100000, 0x000000070c200000|  0%| F|  |TAMS 0x000000070c100000, 0x000000070c100000| Untracked 
| 136|0x000000070c200000, 0x000000070c200000, 0x000000070c300000|  0%| F|  |TAMS 0x000000070c200000, 0x000000070c200000| Untracked 
| 137|0x000000070c300000, 0x000000070c300000, 0x000000070c400000|  0%| F|  |TAMS 0x000000070c300000, 0x000000070c300000| Untracked 
| 138|0x000000070c400000, 0x000000070c400000, 0x000000070c500000|  0%| F|  |TAMS 0x000000070c400000, 0x000000070c400000| Untracked 
| 139|0x000000070c500000, 0x000000070c500000, 0x000000070c600000|  0%| F|  |TAMS 0x000000070c500000, 0x000000070c500000| Untracked 
| 140|0x000000070c600000, 0x000000070c600000, 0x000000070c700000|  0%| F|  |TAMS 0x000000070c600000, 0x000000070c600000| Untracked 
| 141|0x000000070c700000, 0x000000070c700000, 0x000000070c800000|  0%| F|  |TAMS 0x000000070c700000, 0x000000070c700000| Untracked 
| 142|0x000000070c800000, 0x000000070c800000, 0x000000070c900000|  0%| F|  |TAMS 0x000000070c800000, 0x000000070c800000| Untracked 
| 143|0x000000070c900000, 0x000000070c900000, 0x000000070ca00000|  0%| F|  |TAMS 0x000000070c900000, 0x000000070c900000| Untracked 
| 144|0x000000070ca00000, 0x000000070ca00000, 0x000000070cb00000|  0%| F|  |TAMS 0x000000070ca00000, 0x000000070ca00000| Untracked 
| 145|0x000000070cb00000, 0x000000070cb00000, 0x000000070cc00000|  0%| F|  |TAMS 0x000000070cb00000, 0x000000070cb00000| Untracked 
| 146|0x000000070cc00000, 0x000000070cc00000, 0x000000070cd00000|  0%| F|  |TAMS 0x000000070cc00000, 0x000000070cc00000| Untracked 
| 147|0x000000070cd00000, 0x000000070cd00000, 0x000000070ce00000|  0%| F|  |TAMS 0x000000070cd00000, 0x000000070cd00000| Untracked 
| 148|0x000000070ce00000, 0x000000070ce00000, 0x000000070cf00000|  0%| F|  |TAMS 0x000000070ce00000, 0x000000070ce00000| Untracked 
| 149|0x000000070cf00000, 0x000000070cf00000, 0x000000070d000000|  0%| F|  |TAMS 0x000000070cf00000, 0x000000070cf00000| Untracked 
| 150|0x000000070d000000, 0x000000070d000000, 0x000000070d100000|  0%| F|  |TAMS 0x000000070d000000, 0x000000070d000000| Untracked 
| 151|0x000000070d100000, 0x000000070d100000, 0x000000070d200000|  0%| F|  |TAMS 0x000000070d100000, 0x000000070d100000| Untracked 
| 152|0x000000070d200000, 0x000000070d200000, 0x000000070d300000|  0%| F|  |TAMS 0x000000070d200000, 0x000000070d200000| Untracked 
| 153|0x000000070d300000, 0x000000070d300000, 0x000000070d400000|  0%| F|  |TAMS 0x000000070d300000, 0x000000070d300000| Untracked 
| 154|0x000000070d400000, 0x000000070d400000, 0x000000070d500000|  0%| F|  |TAMS 0x000000070d400000, 0x000000070d400000| Untracked 
| 155|0x000000070d500000, 0x000000070d500000, 0x000000070d600000|  0%| F|  |TAMS 0x000000070d500000, 0x000000070d500000| Untracked 
| 156|0x000000070d600000, 0x000000070d600000, 0x000000070d700000|  0%| F|  |TAMS 0x000000070d600000, 0x000000070d600000| Untracked 
| 157|0x000000070d700000, 0x000000070d700000, 0x000000070d800000|  0%| F|  |TAMS 0x000000070d700000, 0x000000070d700000| Untracked 
| 158|0x000000070d800000, 0x000000070d800000, 0x000000070d900000|  0%| F|  |TAMS 0x000000070d800000, 0x000000070d800000| Untracked 
| 159|0x000000070d900000, 0x000000070d900000, 0x000000070da00000|  0%| F|  |TAMS 0x000000070d900000, 0x000000070d900000| Untracked 
| 160|0x000000070da00000, 0x000000070da00000, 0x000000070db00000|  0%| F|  |TAMS 0x000000070da00000, 0x000000070da00000| Untracked 
| 161|0x000000070db00000, 0x000000070db00000, 0x000000070dc00000|  0%| F|  |TAMS 0x000000070db00000, 0x000000070db00000| Untracked 
| 162|0x000000070dc00000, 0x000000070dc00000, 0x000000070dd00000|  0%| F|  |TAMS 0x000000070dc00000, 0x000000070dc00000| Untracked 
| 163|0x000000070dd00000, 0x000000070dd00000, 0x000000070de00000|  0%| F|  |TAMS 0x000000070dd00000, 0x000000070dd00000| Untracked 
| 164|0x000000070de00000, 0x000000070de00000, 0x000000070df00000|  0%| F|  |TAMS 0x000000070de00000, 0x000000070de00000| Untracked 
| 165|0x000000070df00000, 0x000000070df00000, 0x000000070e000000|  0%| F|  |TAMS 0x000000070df00000, 0x000000070df00000| Untracked 
| 166|0x000000070e000000, 0x000000070e000000, 0x000000070e100000|  0%| F|  |TAMS 0x000000070e000000, 0x000000070e000000| Untracked 
| 167|0x000000070e100000, 0x000000070e100000, 0x000000070e200000|  0%| F|  |TAMS 0x000000070e100000, 0x000000070e100000| Untracked 
| 168|0x000000070e200000, 0x000000070e200000, 0x000000070e300000|  0%| F|  |TAMS 0x000000070e200000, 0x000000070e200000| Untracked 
| 169|0x000000070e300000, 0x000000070e300000, 0x000000070e400000|  0%| F|  |TAMS 0x000000070e300000, 0x000000070e300000| Untracked 
| 170|0x000000070e400000, 0x000000070e400000, 0x000000070e500000|  0%| F|  |TAMS 0x000000070e400000, 0x000000070e400000| Untracked 
| 171|0x000000070e500000, 0x000000070e500000, 0x000000070e600000|  0%| F|  |TAMS 0x000000070e500000, 0x000000070e500000| Untracked 
| 172|0x000000070e600000, 0x000000070e600000, 0x000000070e700000|  0%| F|  |TAMS 0x000000070e600000, 0x000000070e600000| Untracked 
| 173|0x000000070e700000, 0x000000070e700000, 0x000000070e800000|  0%| F|  |TAMS 0x000000070e700000, 0x000000070e700000| Untracked 
| 174|0x000000070e800000, 0x000000070e800000, 0x000000070e900000|  0%| F|  |TAMS 0x000000070e800000, 0x000000070e800000| Untracked 
| 175|0x000000070e900000, 0x000000070e900000, 0x000000070ea00000|  0%| F|  |TAMS 0x000000070e900000, 0x000000070e900000| Untracked 
| 176|0x000000070ea00000, 0x000000070ea00000, 0x000000070eb00000|  0%| F|  |TAMS 0x000000070ea00000, 0x000000070ea00000| Untracked 
| 177|0x000000070eb00000, 0x000000070eb00000, 0x000000070ec00000|  0%| F|  |TAMS 0x000000070eb00000, 0x000000070eb00000| Untracked 
| 178|0x000000070ec00000, 0x000000070ec00000, 0x000000070ed00000|  0%| F|  |TAMS 0x000000070ec00000, 0x000000070ec00000| Untracked 
| 179|0x000000070ed00000, 0x000000070ed00000, 0x000000070ee00000|  0%| F|  |TAMS 0x000000070ed00000, 0x000000070ed00000| Untracked 
| 180|0x000000070ee00000, 0x000000070ee00000, 0x000000070ef00000|  0%| F|  |TAMS 0x000000070ee00000, 0x000000070ee00000| Untracked 
| 181|0x000000070ef00000, 0x000000070ef00000, 0x000000070f000000|  0%| F|  |TAMS 0x000000070ef00000, 0x000000070ef00000| Untracked 
| 182|0x000000070f000000, 0x000000070f000000, 0x000000070f100000|  0%| F|  |TAMS 0x000000070f000000, 0x000000070f000000| Untracked 
| 183|0x000000070f100000, 0x000000070f100000, 0x000000070f200000|  0%| F|  |TAMS 0x000000070f100000, 0x000000070f100000| Untracked 
| 184|0x000000070f200000, 0x000000070f200000, 0x000000070f300000|  0%| F|  |TAMS 0x000000070f200000, 0x000000070f200000| Untracked 
| 185|0x000000070f300000, 0x000000070f300000, 0x000000070f400000|  0%| F|  |TAMS 0x000000070f300000, 0x000000070f300000| Untracked 
| 186|0x000000070f400000, 0x000000070f400000, 0x000000070f500000|  0%| F|  |TAMS 0x000000070f400000, 0x000000070f400000| Untracked 
| 187|0x000000070f500000, 0x000000070f500000, 0x000000070f600000|  0%| F|  |TAMS 0x000000070f500000, 0x000000070f500000| Untracked 
| 188|0x000000070f600000, 0x000000070f600000, 0x000000070f700000|  0%| F|  |TAMS 0x000000070f600000, 0x000000070f600000| Untracked 
| 189|0x000000070f700000, 0x000000070f700000, 0x000000070f800000|  0%| F|  |TAMS 0x000000070f700000, 0x000000070f700000| Untracked 
| 190|0x000000070f800000, 0x000000070f800000, 0x000000070f900000|  0%| F|  |TAMS 0x000000070f800000, 0x000000070f800000| Untracked 
| 191|0x000000070f900000, 0x000000070f900000, 0x000000070fa00000|  0%| F|  |TAMS 0x000000070f900000, 0x000000070f900000| Untracked 
| 192|0x000000070fa00000, 0x000000070fa00000, 0x000000070fb00000|  0%| F|  |TAMS 0x000000070fa00000, 0x000000070fa00000| Untracked 
| 193|0x000000070fb00000, 0x000000070fb00000, 0x000000070fc00000|  0%| F|  |TAMS 0x000000070fb00000, 0x000000070fb00000| Untracked 
| 194|0x000000070fc00000, 0x000000070fc00000, 0x000000070fd00000|  0%| F|  |TAMS 0x000000070fc00000, 0x000000070fc00000| Untracked 
| 195|0x000000070fd00000, 0x000000070fd00000, 0x000000070fe00000|  0%| F|  |TAMS 0x000000070fd00000, 0x000000070fd00000| Untracked 
| 196|0x000000070fe00000, 0x000000070fe00000, 0x000000070ff00000|  0%| F|  |TAMS 0x000000070fe00000, 0x000000070fe00000| Untracked 
| 197|0x000000070ff00000, 0x000000070ff00000, 0x0000000710000000|  0%| F|  |TAMS 0x000000070ff00000, 0x000000070ff00000| Untracked 
| 198|0x0000000710000000, 0x0000000710000000, 0x0000000710100000|  0%| F|  |TAMS 0x0000000710000000, 0x0000000710000000| Untracked 
| 199|0x0000000710100000, 0x0000000710100000, 0x0000000710200000|  0%| F|  |TAMS 0x0000000710100000, 0x0000000710100000| Untracked 
| 200|0x0000000710200000, 0x0000000710200000, 0x0000000710300000|  0%| F|  |TAMS 0x0000000710200000, 0x0000000710200000| Untracked 
| 201|0x0000000710300000, 0x0000000710300000, 0x0000000710400000|  0%| F|  |TAMS 0x0000000710300000, 0x0000000710300000| Untracked 
| 202|0x0000000710400000, 0x0000000710400000, 0x0000000710500000|  0%| F|  |TAMS 0x0000000710400000, 0x0000000710400000| Untracked 
| 203|0x0000000710500000, 0x0000000710500000, 0x0000000710600000|  0%| F|  |TAMS 0x0000000710500000, 0x0000000710500000| Untracked 
| 204|0x0000000710600000, 0x0000000710600000, 0x0000000710700000|  0%| F|  |TAMS 0x0000000710600000, 0x0000000710600000| Untracked 
| 205|0x0000000710700000, 0x0000000710700000, 0x0000000710800000|  0%| F|  |TAMS 0x0000000710700000, 0x0000000710700000| Untracked 
| 206|0x0000000710800000, 0x0000000710800000, 0x0000000710900000|  0%| F|  |TAMS 0x0000000710800000, 0x0000000710800000| Untracked 
| 207|0x0000000710900000, 0x0000000710900000, 0x0000000710a00000|  0%| F|  |TAMS 0x0000000710900000, 0x0000000710900000| Untracked 
| 208|0x0000000710a00000, 0x0000000710a00000, 0x0000000710b00000|  0%| F|  |TAMS 0x0000000710a00000, 0x0000000710a00000| Untracked 
| 209|0x0000000710b00000, 0x0000000710b00000, 0x0000000710c00000|  0%| F|  |TAMS 0x0000000710b00000, 0x0000000710b00000| Untracked 
| 210|0x0000000710c00000, 0x0000000710c00000, 0x0000000710d00000|  0%| F|  |TAMS 0x0000000710c00000, 0x0000000710c00000| Untracked 
| 211|0x0000000710d00000, 0x0000000710d00000, 0x0000000710e00000|  0%| F|  |TAMS 0x0000000710d00000, 0x0000000710d00000| Untracked 
| 212|0x0000000710e00000, 0x0000000710e00000, 0x0000000710f00000|  0%| F|  |TAMS 0x0000000710e00000, 0x0000000710e00000| Untracked 
| 213|0x0000000710f00000, 0x0000000710f00000, 0x0000000711000000|  0%| F|  |TAMS 0x0000000710f00000, 0x0000000710f00000| Untracked 
| 214|0x0000000711000000, 0x0000000711000000, 0x0000000711100000|  0%| F|  |TAMS 0x0000000711000000, 0x0000000711000000| Untracked 
| 215|0x0000000711100000, 0x0000000711100000, 0x0000000711200000|  0%| F|  |TAMS 0x0000000711100000, 0x0000000711100000| Untracked 
| 216|0x0000000711200000, 0x0000000711200000, 0x0000000711300000|  0%| F|  |TAMS 0x0000000711200000, 0x0000000711200000| Untracked 
| 217|0x0000000711300000, 0x0000000711300000, 0x0000000711400000|  0%| F|  |TAMS 0x0000000711300000, 0x0000000711300000| Untracked 
| 218|0x0000000711400000, 0x0000000711400000, 0x0000000711500000|  0%| F|  |TAMS 0x0000000711400000, 0x0000000711400000| Untracked 
| 219|0x0000000711500000, 0x0000000711500000, 0x0000000711600000|  0%| F|  |TAMS 0x0000000711500000, 0x0000000711500000| Untracked 
| 220|0x0000000711600000, 0x0000000711600000, 0x0000000711700000|  0%| F|  |TAMS 0x0000000711600000, 0x0000000711600000| Untracked 
| 221|0x0000000711700000, 0x0000000711700000, 0x0000000711800000|  0%| F|  |TAMS 0x0000000711700000, 0x0000000711700000| Untracked 
| 222|0x0000000711800000, 0x0000000711800000, 0x0000000711900000|  0%| F|  |TAMS 0x0000000711800000, 0x0000000711800000| Untracked 
| 223|0x0000000711900000, 0x0000000711900000, 0x0000000711a00000|  0%| F|  |TAMS 0x0000000711900000, 0x0000000711900000| Untracked 
| 224|0x0000000711a00000, 0x0000000711a00000, 0x0000000711b00000|  0%| F|  |TAMS 0x0000000711a00000, 0x0000000711a00000| Untracked 
| 225|0x0000000711b00000, 0x0000000711b00000, 0x0000000711c00000|  0%| F|  |TAMS 0x0000000711b00000, 0x0000000711b00000| Untracked 
| 226|0x0000000711c00000, 0x0000000711c00000, 0x0000000711d00000|  0%| F|  |TAMS 0x0000000711c00000, 0x0000000711c00000| Untracked 
| 227|0x0000000711d00000, 0x0000000711d00000, 0x0000000711e00000|  0%| F|  |TAMS 0x0000000711d00000, 0x0000000711d00000| Untracked 
| 228|0x0000000711e00000, 0x0000000711e00000, 0x0000000711f00000|  0%| F|  |TAMS 0x0000000711e00000, 0x0000000711e00000| Untracked 
| 229|0x0000000711f00000, 0x0000000711f00000, 0x0000000712000000|  0%| F|  |TAMS 0x0000000711f00000, 0x0000000711f00000| Untracked 
| 230|0x0000000712000000, 0x0000000712000000, 0x0000000712100000|  0%| F|  |TAMS 0x0000000712000000, 0x0000000712000000| Untracked 
| 231|0x0000000712100000, 0x0000000712100000, 0x0000000712200000|  0%| F|  |TAMS 0x0000000712100000, 0x0000000712100000| Untracked 
| 232|0x0000000712200000, 0x0000000712200000, 0x0000000712300000|  0%| F|  |TAMS 0x0000000712200000, 0x0000000712200000| Untracked 
| 233|0x0000000712300000, 0x0000000712300000, 0x0000000712400000|  0%| F|  |TAMS 0x0000000712300000, 0x0000000712300000| Untracked 
| 234|0x0000000712400000, 0x0000000712400000, 0x0000000712500000|  0%| F|  |TAMS 0x0000000712400000, 0x0000000712400000| Untracked 
| 235|0x0000000712500000, 0x0000000712500000, 0x0000000712600000|  0%| F|  |TAMS 0x0000000712500000, 0x0000000712500000| Untracked 
| 236|0x0000000712600000, 0x0000000712600000, 0x0000000712700000|  0%| F|  |TAMS 0x0000000712600000, 0x0000000712600000| Untracked 
| 237|0x0000000712700000, 0x0000000712700000, 0x0000000712800000|  0%| F|  |TAMS 0x0000000712700000, 0x0000000712700000| Untracked 
| 238|0x0000000712800000, 0x0000000712800000, 0x0000000712900000|  0%| F|  |TAMS 0x0000000712800000, 0x0000000712800000| Untracked 
| 239|0x0000000712900000, 0x0000000712900000, 0x0000000712a00000|  0%| F|  |TAMS 0x0000000712900000, 0x0000000712900000| Untracked 
| 240|0x0000000712a00000, 0x0000000712a00000, 0x0000000712b00000|  0%| F|  |TAMS 0x0000000712a00000, 0x0000000712a00000| Untracked 
| 241|0x0000000712b00000, 0x0000000712be5780, 0x0000000712c00000| 89%| E|  |TAMS 0x0000000712b00000, 0x0000000712b00000| Complete 
| 242|0x0000000712c00000, 0x0000000712d00000, 0x0000000712d00000|100%| E|CS|TAMS 0x0000000712c00000, 0x0000000712c00000| Complete 
| 243|0x0000000712d00000, 0x0000000712e00000, 0x0000000712e00000|100%| E|CS|TAMS 0x0000000712d00000, 0x0000000712d00000| Complete 
| 244|0x0000000712e00000, 0x0000000712f00000, 0x0000000712f00000|100%| E|CS|TAMS 0x0000000712e00000, 0x0000000712e00000| Complete 
| 245|0x0000000712f00000, 0x0000000713000000, 0x0000000713000000|100%| E|CS|TAMS 0x0000000712f00000, 0x0000000712f00000| Complete 
| 246|0x0000000713000000, 0x0000000713100000, 0x0000000713100000|100%| E|CS|TAMS 0x0000000713000000, 0x0000000713000000| Complete 
| 247|0x0000000713100000, 0x0000000713200000, 0x0000000713200000|100%| E|  |TAMS 0x0000000713100000, 0x0000000713100000| Complete 
| 248|0x0000000713200000, 0x0000000713300000, 0x0000000713300000|100%| E|CS|TAMS 0x0000000713200000, 0x0000000713200000| Complete 
| 249|0x0000000713300000, 0x0000000713400000, 0x0000000713400000|100%| E|CS|TAMS 0x0000000713300000, 0x0000000713300000| Complete 
| 250|0x0000000713400000, 0x0000000713500000, 0x0000000713500000|100%| E|CS|TAMS 0x0000000713400000, 0x0000000713400000| Complete 
| 251|0x0000000713500000, 0x0000000713600000, 0x0000000713600000|100%| E|CS|TAMS 0x0000000713500000, 0x0000000713500000| Complete 
| 252|0x0000000713600000, 0x0000000713700000, 0x0000000713700000|100%| E|CS|TAMS 0x0000000713600000, 0x0000000713600000| Complete 
| 253|0x0000000713700000, 0x0000000713800000, 0x0000000713800000|100%| E|CS|TAMS 0x0000000713700000, 0x0000000713700000| Complete 

Card table byte_map: [0x000001db64540000,0x000001db64d30000] _byte_map_base: 0x000001db60d23000

Marking Bits (Prev, Next): (CMBitMap*) 0x000001db4bdf6768, (CMBitMap*) 0x000001db4bdf67a0
 Prev Bits: [0x000001db65520000, 0x000001db69438000)
 Next Bits: [0x000001db69440000, 0x000001db6d358000)

Polling page: 0x000001db49ce0000

Metaspace:

Usage:
  Non-class:     10.30 MB capacity,    10.17 MB ( 99%) used,   115.35 KB (  1%) free+waste,    20.38 KB ( <1%) overhead. 
      Class:    924.00 KB capacity,   823.44 KB ( 89%) used,    90.50 KB ( 10%) free+waste,    10.06 KB (  1%) overhead. 
       Both:     11.20 MB capacity,    10.97 MB ( 98%) used,   205.85 KB (  2%) free+waste,    30.44 KB ( <1%) overhead. 

Virtual space:
  Non-class space:       12.00 MB reserved,      10.50 MB ( 88%) committed 
      Class space:        1.00 GB reserved,       1.00 MB ( <1%) committed 
             Both:        1.01 GB reserved,      11.50 MB (  1%) committed 

Chunk freelists:
   Non-Class:  13.00 KB
       Class:  4.00 KB
        Both:  17.00 KB

MaxMetaspaceSize: 17179869184.00 GB
CompressedClassSpaceSize: 1.00 GB
Initial GC threshold: 20.80 MB
Current GC threshold: 20.80 MB
CDS: off

CodeHeap 'non-profiled nmethods': size=119168Kb used=261Kb max_used=261Kb free=118906Kb
 bounds [0x000001db5c070000, 0x000001db5c2e0000, 0x000001db634d0000]
CodeHeap 'profiled nmethods': size=119168Kb used=1551Kb max_used=1551Kb free=117616Kb
 bounds [0x000001db54c10000, 0x000001db54e80000, 0x000001db5c070000]
CodeHeap 'non-nmethods': size=7424Kb used=2861Kb max_used=2874Kb free=4562Kb
 bounds [0x000001db544d0000, 0x000001db547a0000, 0x000001db54c10000]
 total_blobs=2084 nmethods=921 adapters=1074
 compilation: enabled
              stopped_count=0, restarted_count=0
 full_count=0

Compilation events (20 events):
Event: 0.714 Thread 0x000001db70de2800  912       3       java.lang.reflect.Array::newInstance (6 bytes)
Event: 0.714 Thread 0x000001db70de2800 nmethod 912 0x000001db54d8f010 code [0x000001db54d8f1c0, 0x000001db54d8f2c8]
Event: 0.717 Thread 0x000001db70de2000  913       3       java.lang.StringCoding::encodeUTF8 (132 bytes)
Event: 0.718 Thread 0x000001db70de2000 nmethod 913 0x000001db54d8f390 code [0x000001db54d8f5e0, 0x000001db54d8ff18]
Event: 0.735 Thread 0x000001db70dd3000  914       4       java.lang.StringUTF16::compress (50 bytes)
Event: 0.736 Thread 0x000001db70de4800  915       3       sun.net.util.URLUtil::urlNoFragString (114 bytes)
Event: 0.738 Thread 0x000001db70de4800 nmethod 915 0x000001db54d90210 code [0x000001db54d90560, 0x000001db54d91828]
Event: 0.740 Thread 0x000001db70dd3000 nmethod 914 0x000001db5c0b1010 code [0x000001db5c0b11a0, 0x000001db5c0b14f8]
Event: 0.741 Thread 0x000001db70de2800  916       3       renderer.RenderBatch::loadElementsIndices (63 bytes)
Event: 0.741 Thread 0x000001db70de2800 nmethod 916 0x000001db54d91e90 code [0x000001db54d92040, 0x000001db54d92238]
Event: 0.751 Thread 0x000001db70de2000  917       3       java.util.concurrent.ConcurrentHashMap$BaseIterator::<init> (21 bytes)
Event: 0.751 Thread 0x000001db70de4800  918       3       java.util.concurrent.ConcurrentHashMap$Traverser::<init> (36 bytes)
Event: 0.751 Thread 0x000001db70de2800  919       3       java.util.concurrent.ConcurrentHashMap::values (25 bytes)
Event: 0.751 Thread 0x000001db70de2800 nmethod 919 0x000001db54d92390 code [0x000001db54d92560, 0x000001db54d928f8]
Event: 0.751 Thread 0x000001db70de2800  920       3       java.util.concurrent.ConcurrentHashMap$ValuesView::iterator (34 bytes)
Event: 0.751 Thread 0x000001db70de4800 nmethod 918 0x000001db54d92a10 code [0x000001db54d92bc0, 0x000001db54d92db8]
Event: 0.751 Thread 0x000001db70de2800 nmethod 920 0x000001db54d92e90 code [0x000001db54d93080, 0x000001db54d93438]
Event: 0.751 Thread 0x000001db70de4800  921       3       java.util.concurrent.ConcurrentHashMap$ValueIterator::<init> (12 bytes)
Event: 0.752 Thread 0x000001db70de4800 nmethod 921 0x000001db54d93610 code [0x000001db54d937e0, 0x000001db54d93a18]
Event: 0.753 Thread 0x000001db70de2000 nmethod 917 0x000001db54d93b10 code [0x000001db54d93ce0, 0x000001db54d93eb8]

GC Heap History (0 events):
No events

Deoptimization events (18 events):
Event: 0.078 Thread 0x000001db4bd90000 Uncommon trap: trap_request=0xffffff4d fr.pc=0x000001db5c071594 relative=0x0000000000000074
Event: 0.078 Thread 0x000001db4bd90000 Uncommon trap: reason=unstable_if action=reinterpret pc=0x000001db5c071594 method=java.lang.String.isLatin1()Z @ 10 c2
Event: 0.078 Thread 0x000001db4bd90000 DEOPT PACKING pc=0x000001db5c071594 sp=0x0000000fcb8ff010
Event: 0.078 Thread 0x000001db4bd90000 DEOPT UNPACKING pc=0x000001db544d85af sp=0x0000000fcb8fef50 mode 2
Event: 0.078 Thread 0x000001db4bd90000 Uncommon trap: trap_request=0xffffff4d fr.pc=0x000001db5c074d28 relative=0x0000000000000188
Event: 0.078 Thread 0x000001db4bd90000 Uncommon trap: reason=unstable_if action=reinterpret pc=0x000001db5c074d28 method=java.lang.String.hashCode()I @ 14 c2
Event: 0.078 Thread 0x000001db4bd90000 DEOPT PACKING pc=0x000001db5c074d28 sp=0x0000000fcb8fd850
Event: 0.078 Thread 0x000001db4bd90000 DEOPT UNPACKING pc=0x000001db544d85af sp=0x0000000fcb8fd7e8 mode 2
Event: 0.372 Thread 0x000001db4bd90000 DEOPT PACKING pc=0x000001db54c9bae8 sp=0x0000000fcb8fc8f0
Event: 0.372 Thread 0x000001db4bd90000 DEOPT UNPACKING pc=0x000001db54519d0e sp=0x0000000fcb8fbd48 mode 0
Event: 0.459 Thread 0x000001db4bd90000 Uncommon trap: trap_request=0xffffff5c fr.pc=0x000001db5c09eb00 relative=0x0000000000000060
Event: 0.459 Thread 0x000001db4bd90000 Uncommon trap: reason=speculate_null_assert action=make_not_entrant pc=0x000001db5c09eb00 method=sun.misc.Unsafe.putLong(Ljava/lang/Object;JJ)V @ 7 c2
Event: 0.459 Thread 0x000001db4bd90000 DEOPT PACKING pc=0x000001db5c09eb00 sp=0x0000000fcb8ff090
Event: 0.459 Thread 0x000001db4bd90000 DEOPT UNPACKING pc=0x000001db544d85af sp=0x0000000fcb8ff008 mode 2
Event: 0.678 Thread 0x000001db4bd90000 DEOPT PACKING pc=0x000001db54c6ae7f sp=0x0000000fcb8ff130
Event: 0.678 Thread 0x000001db4bd90000 DEOPT UNPACKING pc=0x000001db54519d0e sp=0x0000000fcb8fe580 mode 0
Event: 0.717 Thread 0x000001db4bd90000 DEOPT PACKING pc=0x000001db54cba6c2 sp=0x0000000fcb8fc920
Event: 0.717 Thread 0x000001db4bd90000 DEOPT UNPACKING pc=0x000001db54519d0e sp=0x0000000fcb8fbd88 mode 0

Classes redefined (0 events):
No events

Internal exceptions (20 events):
Event: 0.205 Thread 0x000001db4bd90000 Exception <a 'java/lang/NoSuchMethodError'{0x0000000713218cb8}: 'int java.lang.invoke.DirectMethodHandle$Holder.invokeStaticInit(java.lang.Object, java.lang.Object, int, long)'> (0x0000000713218cb8) thrown at [./src/hotspot/share/interpreter/linkResolver.cpp, line 773]
Event: 0.205 Thread 0x000001db4bd90000 Exception <a 'java/lang/NoSuchMethodError'{0x000000071321de60}: 'java.lang.Object java.lang.invoke.Invokers$Holder.linkToTargetMethod(java.lang.Object, int, java.lang.Object)'> (0x000000071321de60) thrown at [./src/hotspot/share/interpreter/linkResolver.cpp, line 773]
Event: 0.206 Thread 0x000001db4bd90000 Exception <a 'java/lang/NoSuchMethodError'{0x000000071322a860}: 'int java.lang.invoke.DirectMethodHandle$Holder.invokeStaticInit(java.lang.Object, java.lang.Object, long, long)'> (0x000000071322a860) thrown at [./src/hotspot/share/interpreter/linkResolver.cpp, line 773]
Event: 0.207 Thread 0x000001db4bd90000 Exception <a 'java/lang/NoSuchMethodError'{0x0000000713236118}: 'java.lang.Object java.lang.invoke.Invokers$Holder.linkToTargetMethod(java.lang.Object, long, java.lang.Object)'> (0x0000000713236118) thrown at [./src/hotspot/share/interpreter/linkResolver.cpp, line 773]
Event: 0.208 Thread 0x000001db4bd90000 Exception <a 'java/lang/NoSuchMethodError'{0x000000071323c308}: 'int java.lang.invoke.DirectMethodHandle$Holder.invokeStaticInit(java.lang.Object, java.lang.Object, java.lang.Object, long)'> (0x000000071323c308) thrown at [./src/hotspot/share/interpreter/linkResolver.cpp, line 773]
Event: 0.234 Thread 0x000001db4bd90000 Exception <a 'sun/nio/fs/WindowsException'{0x00000007132f88c8}> (0x00000007132f88c8) thrown at [./src/hotspot/share/prims/jni.cpp, line 616]
Event: 0.234 Thread 0x000001db4bd90000 Exception <a 'sun/nio/fs/WindowsException'{0x00000007132f8c38}> (0x00000007132f8c38) thrown at [./src/hotspot/share/prims/jni.cpp, line 616]
Event: 0.366 Thread 0x000001db4bd90000 Exception <a 'java/lang/NoSuchMethodError'{0x000000071314eb38}: 'void java.lang.invoke.DirectMethodHandle$Holder.invokeStaticInit(java.lang.Object, long, double, double)'> (0x000000071314eb38) thrown at [./src/hotspot/share/interpreter/linkResolver.cpp, line 773]
Event: 0.369 Thread 0x000001db4bd90000 Exception <a 'java/lang/NoSuchMethodError'{0x000000071315d5e0}: 'void java.lang.invoke.DirectMethodHandle$Holder.invokeStaticInit(java.lang.Object, long, int, int, int)'> (0x000000071315d5e0) thrown at [./src/hotspot/share/interpreter/linkResolver.cpp, line 773]
Event: 0.375 Thread 0x000001db4bd90000 Exception <a 'java/lang/NoSuchMethodError'{0x0000000713176690}: 'void java.lang.invoke.DirectMethodHandle$Holder.invokeStaticInit(java.lang.Object, long, int, int, int, int)'> (0x0000000713176690) thrown at [./src/hotspot/share/interpreter/linkResolver.cpp, line 773]
Event: 0.376 Thread 0x000001db4bd90000 Exception <a 'java/lang/NoSuchMethodError'{0x0000000713182850}: 'void java.lang.invoke.DirectMethodHandle$Holder.invokeStatic(java.lang.Object, long, int, int)'> (0x0000000713182850) thrown at [./src/hotspot/share/interpreter/linkResolver.cpp, line 773]
Event: 0.427 Thread 0x000001db4bd90000 Exception <a 'sun/nio/fs/WindowsException'{0x00000007131b4b80}> (0x00000007131b4b80) thrown at [./src/hotspot/share/prims/jni.cpp, line 616]
Event: 0.427 Thread 0x000001db4bd90000 Exception <a 'sun/nio/fs/WindowsException'{0x00000007131b4f30}> (0x00000007131b4f30) thrown at [./src/hotspot/share/prims/jni.cpp, line 616]
Event: 0.433 Thread 0x000001db4bd90000 Exception <a 'sun/nio/fs/WindowsException'{0x00000007131c9658}> (0x00000007131c9658) thrown at [./src/hotspot/share/prims/jni.cpp, line 616]
Event: 0.433 Thread 0x000001db4bd90000 Exception <a 'sun/nio/fs/WindowsException'{0x00000007131c9940}> (0x00000007131c9940) thrown at [./src/hotspot/share/prims/jni.cpp, line 616]
Event: 0.497 Thread 0x000001db4bd90000 Exception <a 'java/lang/NoSuchMethodError'{0x0000000712f83250}: 'int java.lang.invoke.DirectMethodHandle$Holder.invokeSpecial(java.lang.Object, java.lang.Object, int, long)'> (0x0000000712f83250) thrown at [./src/hotspot/share/interpreter/linkResolver.cpp, line 773]
Event: 0.499 Thread 0x000001db4bd90000 Exception <a 'java/lang/NoSuchMethodError'{0x0000000712f97418}: 'java.lang.Object java.lang.invoke.DirectMethodHandle$Holder.invokeSpecial(java.lang.Object, java.lang.Object, long)'> (0x0000000712f97418) thrown at [./src/hotspot/share/interpreter/linkResolver.cpp, line 773]
Event: 0.541 Thread 0x000001db4bd90000 Exception <a 'sun/nio/fs/WindowsException'{0x0000000712e445b0}> (0x0000000712e445b0) thrown at [./src/hotspot/share/prims/jni.cpp, line 616]
Event: 0.706 Thread 0x000001db4bd90000 Exception <a 'sun/nio/fs/WindowsException'{0x0000000712cb3e38}> (0x0000000712cb3e38) thrown at [./src/hotspot/share/prims/jni.cpp, line 616]
Event: 0.706 Thread 0x000001db4bd90000 Exception <a 'sun/nio/fs/WindowsException'{0x0000000712cb41c0}> (0x0000000712cb41c0) thrown at [./src/hotspot/share/prims/jni.cpp, line 616]

Events (20 events):
Event: 0.715 loading class org/joml/Matrix4f
Event: 0.715 loading class org/joml/Matrix4f done
Event: 0.717 loading class org/joml/Matrix4fc
Event: 0.717 loading class org/joml/Matrix4fc done
Event: 0.734 loading class jade/gameObject/GameObject
Event: 0.734 loading class jade/gameObject/GameObject done
Event: 0.735 loading class jade/transform/Transform
Event: 0.735 loading class jade/transform/Transform done
Event: 0.735 loading class org/joml/Vector4fc
Event: 0.735 loading class org/joml/Vector4fc done
Event: 0.736 loading class org/joml/Vector4f
Event: 0.736 loading class org/joml/Vector4f done
Event: 0.740 loading class renderer/RenderBatch
Event: 0.740 loading class renderer/RenderBatch done
Event: 0.742 loading class java/util/Arrays$LegacyMergeSort
Event: 0.742 loading class java/util/Arrays$LegacyMergeSort done
Event: 0.742 loading class java/util/ComparableTimSort
Event: 0.742 loading class java/util/ComparableTimSort done
Event: 0.743 loading class util/Time
Event: 0.743 loading class util/Time done


Dynamic libraries:
0x00007ff6bf8f0000 - 0x00007ff6bf8fd000 	C:\Program Files\Amazon Corretto\jdk11.0.14_10\bin\java.exe
0x00007ffedb440000 - 0x00007ffedb649000 	C:\Windows\SYSTEM32\ntdll.dll
0x00007ffed9380000 - 0x00007ffed943d000 	C:\Windows\System32\KERNEL32.DLL
0x00007ffed8c90000 - 0x00007ffed9009000 	C:\Windows\System32\KERNELBASE.dll
0x00007ffed89e0000 - 0x00007ffed8af1000 	C:\Windows\System32\ucrtbase.dll
0x00007ffeb22e0000 - 0x00007ffeb22f9000 	C:\Program Files\Amazon Corretto\jdk11.0.14_10\bin\VCRUNTIME140.dll
0x00007ffeb2630000 - 0x00007ffeb2647000 	C:\Program Files\Amazon Corretto\jdk11.0.14_10\bin\jli.dll
0x00007ffedb1f0000 - 0x00007ffedb39c000 	C:\Windows\System32\USER32.dll
0x00007ffed13c0000 - 0x00007ffed1665000 	C:\Windows\WinSxS\amd64_microsoft.windows.common-controls_6595b64144ccf1df_6.0.22000.120_none_9d947278b86cc467\COMCTL32.dll
0x00007ffed8930000 - 0x00007ffed8956000 	C:\Windows\System32\win32u.dll
0x00007ffed9440000 - 0x00007ffed94e3000 	C:\Windows\System32\msvcrt.dll
0x00007ffedb140000 - 0x00007ffedb169000 	C:\Windows\System32\GDI32.dll
0x00007ffed8b00000 - 0x00007ffed8c12000 	C:\Windows\System32\gdi32full.dll
0x00007ffed9010000 - 0x00007ffed90ad000 	C:\Windows\System32\msvcp_win.dll
0x00007ffedb070000 - 0x00007ffedb0a1000 	C:\Windows\System32\IMM32.DLL
0x00007ffe9b390000 - 0x00007ffe9b42b000 	C:\Program Files\Amazon Corretto\jdk11.0.14_10\bin\msvcp140.dll
0x00007ffe39b00000 - 0x00007ffe3a683000 	C:\Program Files\Amazon Corretto\jdk11.0.14_10\bin\server\jvm.dll
0x00007ffeda760000 - 0x00007ffeda80e000 	C:\Windows\System32\ADVAPI32.dll
0x00007ffed92e0000 - 0x00007ffed937e000 	C:\Windows\System32\sechost.dll
0x00007ffeda880000 - 0x00007ffeda9a0000 	C:\Windows\System32\RPCRT4.dll
0x00007ffed9e50000 - 0x00007ffed9e58000 	C:\Windows\System32\PSAPI.DLL
0x00007ffed2420000 - 0x00007ffed242a000 	C:\Windows\SYSTEM32\VERSION.dll
0x00007ffec30f0000 - 0x00007ffec3123000 	C:\Windows\SYSTEM32\WINMM.dll
0x00007ffebde00000 - 0x00007ffebde09000 	C:\Windows\SYSTEM32\WSOCK32.dll
0x00007ffedaa90000 - 0x00007ffedaaff000 	C:\Windows\System32\WS2_32.dll
0x00007ffed7b20000 - 0x00007ffed7b38000 	C:\Windows\SYSTEM32\kernel.appcore.dll
0x00007ffed21f0000 - 0x00007ffed2200000 	C:\Program Files\Amazon Corretto\jdk11.0.14_10\bin\verify.dll
0x00007ffed63d0000 - 0x00007ffed65f1000 	C:\Windows\SYSTEM32\DBGHELP.DLL
0x00007ffed1ec0000 - 0x00007ffed1ef1000 	C:\Windows\SYSTEM32\dbgcore.DLL
0x00007ffed8960000 - 0x00007ffed89df000 	C:\Windows\System32\bcryptPrimitives.dll
0x00007ffea91f0000 - 0x00007ffea9218000 	C:\Program Files\Amazon Corretto\jdk11.0.14_10\bin\java.dll
0x00007ffed20c0000 - 0x00007ffed20ca000 	C:\Program Files\Amazon Corretto\jdk11.0.14_10\bin\jimage.dll
0x00007ffeafa70000 - 0x00007ffeafa88000 	C:\Program Files\Amazon Corretto\jdk11.0.14_10\bin\zip.dll
0x00007ffed9690000 - 0x00007ffed9e3f000 	C:\Windows\System32\SHELL32.dll
0x00007ffed6ab0000 - 0x00007ffed7318000 	C:\Windows\SYSTEM32\windows.storage.dll
0x00007ffedabd0000 - 0x00007ffedaf48000 	C:\Windows\System32\combase.dll
0x00007ffed6940000 - 0x00007ffed6aa6000 	C:\Windows\SYSTEM32\wintypes.dll
0x00007ffeda3e0000 - 0x00007ffeda4ca000 	C:\Windows\System32\SHCORE.dll
0x00007ffedb3a0000 - 0x00007ffedb3fd000 	C:\Windows\System32\shlwapi.dll
0x00007ffed8860000 - 0x00007ffed8881000 	C:\Windows\SYSTEM32\profapi.dll
0x00007ffeaf8e0000 - 0x00007ffeaf8f9000 	C:\Program Files\Amazon Corretto\jdk11.0.14_10\bin\net.dll
0x00007ffed3ca0000 - 0x00007ffed3dac000 	C:\Windows\SYSTEM32\WINHTTP.dll
0x00007ffed7f50000 - 0x00007ffed7fb7000 	C:\Windows\system32\mswsock.dll
0x00007ffea5e60000 - 0x00007ffea5e73000 	C:\Program Files\Amazon Corretto\jdk11.0.14_10\bin\nio.dll
0x00007ffe9d630000 - 0x00007ffe9d6a5000 	C:\Users\tylor\AppData\Local\Temp\lwjgltylor\3.3.1-SNAPSHOT\lwjgl.dll
0x00007ffe9bc30000 - 0x00007ffe9bc91000 	C:\Users\tylor\AppData\Local\Temp\lwjgltylor\3.3.1-SNAPSHOT\glfw.dll
0x00007ffea25e0000 - 0x00007ffea2625000 	C:\Windows\SYSTEM32\dinput8.dll
0x00007ffebb1d0000 - 0x00007ffebb1e1000 	C:\Windows\SYSTEM32\xinput1_4.dll
0x00007ffed8600000 - 0x00007ffed864c000 	C:\Windows\SYSTEM32\cfgmgr32.dll
0x00007ffed8650000 - 0x00007ffed867c000 	C:\Windows\SYSTEM32\DEVOBJ.dll
0x00007ffed5f80000 - 0x00007ffed5faf000 	C:\Windows\SYSTEM32\dwmapi.dll
0x00007ffeb95a0000 - 0x00007ffeb9769000 	C:\Windows\SYSTEM32\inputhost.dll
0x00007ffed2ce0000 - 0x00007ffed2e12000 	C:\Windows\SYSTEM32\CoreMessaging.dll
0x00007ffed58b0000 - 0x00007ffed595c000 	C:\Windows\system32\uxtheme.dll
0x00007ffed81b0000 - 0x00007ffed81bc000 	C:\Windows\SYSTEM32\CRYPTBASE.DLL
0x00007ffedaf50000 - 0x00007ffedb06e000 	C:\Windows\System32\MSCTF.dll
0x00007ffea7bf0000 - 0x00007ffea7cf1000 	C:\Windows\SYSTEM32\opengl32.dll
0x00007ffea83b0000 - 0x00007ffea83dd000 	C:\Windows\SYSTEM32\GLU32.dll
0x00007ffed5dc0000 - 0x00007ffed5df8000 	C:\Windows\SYSTEM32\dxcore.dll
0x00007ffecd410000 - 0x00007ffecd454000 	C:\Windows\SYSTEM32\directxdatabasehelper.dll
0x00007ffed5e40000 - 0x00007ffed5e74000 	C:\Windows\SYSTEM32\ntmarta.dll
0x00007ffedab20000 - 0x00007ffedabcf000 	C:\Windows\System32\clbcatq.dll
0x00007ffe318f0000 - 0x00007ffe328f6000 	C:\Windows\System32\DriverStore\FileRepository\iigd_dch.inf_amd64_1973c0a49e1f4f8c\igxelpicd64.dll
0x00007ffed94f0000 - 0x00007ffed968a000 	C:\Windows\System32\ole32.dll
0x00007ffed5a20000 - 0x00007ffed5b13000 	C:\Windows\system32\dxgi.dll
0x00007ffe73250000 - 0x00007ffe736ee000 	C:\Windows\System32\DriverStore\FileRepository\iigd_dch.inf_amd64_1973c0a49e1f4f8c\igdml64.dll
0x00007ffec7a70000 - 0x00007ffec7e31000 	C:\Windows\System32\DriverStore\FileRepository\iigd_dch.inf_amd64_1973c0a49e1f4f8c\igdgmm64.dll
0x00007ffec47e0000 - 0x00007ffec7a40000 	C:\Windows\System32\DriverStore\FileRepository\iigd_dch.inf_amd64_1973c0a49e1f4f8c\igc64.dll
0x00007ffed7330000 - 0x00007ffed737d000 	C:\Windows\SYSTEM32\powrprof.dll
0x00007ffed7420000 - 0x00007ffed7433000 	C:\Windows\SYSTEM32\UMPDC.dll
0x00007ffebced0000 - 0x00007ffebcffd000 	C:\Windows\SYSTEM32\textinputframework.dll
0x00007ffed9e60000 - 0x00007ffed9f36000 	C:\Windows\System32\OLEAUT32.dll
0x00007ffecc570000 - 0x00007ffecc8dd000 	C:\Windows\SYSTEM32\CoreUIComponents.dll
0x00007ffe9bae0000 - 0x00007ffe9bb3d000 	C:\Users\tylor\AppData\Local\Temp\lwjgltylor\3.3.1-SNAPSHOT\lwjgl_opengl.dll
0x0000000064a00000 - 0x000000006580f000 	C:\Users\tylor\AppData\Local\Temp\imgui-java-natives_1654727221864\imgui-java64.dll
0x00007ffe9ac80000 - 0x00007ffe9acf7000 	C:\Users\tylor\AppData\Local\Temp\lwjgltylor\3.3.1-SNAPSHOT\lwjgl_stb.dll

dbghelp: loaded successfully - version: 4.0.5 - missing functions: none
symbol engine: initialized successfully - sym options: 0x614 - pdb path: .;C:\Program Files\Amazon Corretto\jdk11.0.14_10\bin;C:\Windows\SYSTEM32;C:\Windows\WinSxS\amd64_microsoft.windows.common-controls_6595b64144ccf1df_6.0.22000.120_none_9d947278b86cc467;C:\Program Files\Amazon Corretto\jdk11.0.14_10\bin\server;C:\Users\tylor\AppData\Local\Temp\lwjgltylor\3.3.1-SNAPSHOT;C:\Windows\System32\DriverStore\FileRepository\iigd_dch.inf_amd64_1973c0a49e1f4f8c;C:\Users\tylor\AppData\Local\Temp\imgui-java-natives_1654727221864

VM Arguments:
jvm_args: -Dfile.encoding=windows-1252 -Duser.country=US -Duser.language=en -Duser.variant -ea 
java_command: Main java.library.path=libs
java_class_path (initial): C:\Users\tylor\development\GameEngine\build\classes\java\main;C:\Users\tylor\development\GameEngine\build\resources\main;C:\Users\tylor\development\GameEngine\libs\imgui-app-1.86.4-javadoc.jar;C:\Users\tylor\development\GameEngine\libs\imgui-app-1.86.4-sources.jar;C:\Users\tylor\development\GameEngine\libs\imgui-app-1.86.4.jar;C:\Users\tylor\development\GameEngine\libs\imgui-binding-1.86.4-javadoc.jar;C:\Users\tylor\development\GameEngine\libs\imgui-binding-1.86.4-sources.jar;C:\Users\tylor\development\GameEngine\libs\imgui-binding-1.86.4.jar;C:\Users\tylor\development\GameEngine\libs\imgui-lwjgl3-1.86.4-javadoc.jar;C:\Users\tylor\development\GameEngine\libs\imgui-lwjgl3-1.86.4-sources.jar;C:\Users\tylor\development\GameEngine\libs\imgui-lwjgl3-1.86.4.jar;C:\Users\tylor\.gradle\caches\modules-2\files-2.1\org.lwjgl\lwjgl-assimp\3.2.3\f62aa07a20afbdd3097efc296c4841e0d29700eb\lwjgl-assimp-3.2.3.jar;C:\Users\tylor\.gradle\caches\modules-2\files-2.1\org.lwjgl\lwjgl-assimp\3.2.3\4e60aeb75f0343c4a9ede4ef8b6b32ca702a00a3\lwjgl-assimp-3.2.3-natives-windows.jar;C:\Users\tylor\.gradle\caches\modules-2\files-2.1\org.lwjgl\lwjgl-glfw\3.2.3\5e520d5c290c8b012545a8d34fa5db5ab051ea53\lwjgl-glfw-3.2.3.jar;C:\Users\tylor\.gradle\caches\modules-2\files-2.1\org.lwjgl\lwjgl-glfw\3.2.3\b4d8a3477cdc2edcf7a5f1e822926be846223f54\lwjgl-glfw-3.2.3-natives-windows.jar;C:\Users\tylor\.gradle\caches\modules-2\files-2.1\org.lwjgl\lwjgl-nfd\3.2.3\c44fee1043c022cf6614a28872d44cf114ca7737\lwjgl-nfd-3.2.3.jar;C:\Users\tylor\.gradle\caches\modules-2\files-2.1\org.lwjgl\lwjgl-nfd\3.2.3\32782f5f5c57769efb82af864e70b819c77bc891\lwjgl-nfd-3.2.3-natives-windows.jar;C:\Users\tylor\.gradle\caches\modules-2\files-2.1\org.lwjgl\lwjgl-openal\3.2.3\106742e805803ab9eab8e343f0fb31a3d263903c\lwjgl-openal-3.2.3.jar;C:\Users\tylor\.gradle\caches\modules-2\files-2.1\org.lwjgl\lwjgl-openal\3.2.3\ec898e8ce11b5886f4f532a1536283ef2817758d\lwjgl-openal-3.2.3-natives-windows.jar;C:\Users\tylor\.g
Launcher Type: SUN_STANDARD

[Global flags]
     intx CICompilerCount                          = 12                                        {product} {ergonomic}
     uint ConcGCThreads                            = 3                                         {product} {ergonomic}
     uint G1ConcRefinementThreads                  = 13                                        {product} {ergonomic}
   size_t G1HeapRegionSize                         = 1048576                                   {product} {ergonomic}
    uintx GCDrainStackTargetSize                   = 64                                        {product} {ergonomic}
   size_t InitialHeapSize                          = 266338304                                 {product} {ergonomic}
   size_t MarkStackSize                            = 4194304                                   {product} {ergonomic}
   size_t MaxHeapSize                              = 4234149888                                {product} {ergonomic}
   size_t MaxNewSize                               = 2539651072                                {product} {ergonomic}
   size_t MinHeapDeltaBytes                        = 1048576                                   {product} {ergonomic}
    uintx NonNMethodCodeHeapSize                   = 7594288                                {pd product} {ergonomic}
    uintx NonProfiledCodeHeapSize                  = 122031976                              {pd product} {ergonomic}
    uintx ProfiledCodeHeapSize                     = 122031976                              {pd product} {ergonomic}
    uintx ReservedCodeCacheSize                    = 251658240                              {pd product} {ergonomic}
     bool SegmentedCodeCache                       = true                                      {product} {ergonomic}
     bool UseCompressedClassPointers               = true                                 {lp64_product} {ergonomic}
     bool UseCompressedOops                        = true                                 {lp64_product} {ergonomic}
     bool UseG1GC                                  = true                                      {product} {ergonomic}
     bool UseLargePagesIndividualAllocation        = false                                  {pd product} {ergonomic}

Logging:
Log output configuration:
 #0: stdout all=warning uptime,level,tags
 #1: stderr all=off uptime,level,tags

Environment Variables:
JAVA_HOME=C:\Program Files\Amazon Corretto\jdk11.0.14_10
PATH=C:\Program Files\Amazon Corretto\jdk11.0.14_10\bin;C:\Program Files\Microsoft\jdk-11.0.12.7-hotspot\bin;C:\Python310\Scripts\;C:\Python310\;C:\Windows\system32;C:\Windows;C:\Windows\System32\Wbem;C:\Windows\System32\WindowsPowerShell\v1.0\;C:\Windows\System32\OpenSSH\;C:\Program Files (x86)\NVIDIA Corporation\PhysX\Common;C:\Program Files\NVIDIA Corporation\NVIDIA NvDLISR;C:\Program Files\nodejs\;C:\ProgramData\chocolatey\bin;C:\Program Files\Microsoft SQL Server\150\Tools\Binn\;C:\Program Files\Microsoft SQL Server\Client SDK\ODBC\170\Tools\Binn\;C:\Program Files\Git\cmd;C:\Program Files\PuTTY\;C:\Program Files\Docker\Docker\resources\bin;C:\ProgramData\DockerDesktop\version-bin;C:\Program Files\CMake\bin;C:\Program Files\dotnet\;C:\Program Files\MySQL\MySQL Shell 8.0\bin\;C:\Users\tylor\AppData\Local\Microsoft\WindowsApps;C:\Users\tylor\AppData\Local\Programs\Microsoft VS Code\bin;C:\Users\tylor\AppData\Roaming\npm;C:\Users\tylor\AppData\Local\GitHubDesktop\bin;C:\Program Files\JetBrains\IntelliJ IDEA Community Edition 2021.3.2\bin;;C:\Program Files\apache-maven-3.8.4\bin;C:\Program Files\PostgreSQL\14\bin;C:\Users\tylor\AppData\Local\Programs\mongosh\;C:\Program Files (x86)\Maven\apache-maven-3.8.5\bin;C:\Users\tylor\ant\bin;C:\Users\tylor\.dotnet\tools;C:\Gradle\gradle-7.4.2\bin;
USERNAME=tylor
OS=Windows_NT
PROCESSOR_IDENTIFIER=Intel64 Family 6 Model 141 Stepping 1, GenuineIntel



---------------  S Y S T E M  ---------------

OS: Windows 11 , 64 bit Build 22000 (10.0.22000.675)
OS uptime: 12 days 5:53 hours
Hyper-V role detected

CPU:total 16 (initial active 16) (8 cores per cpu, 2 threads per core) family 6 model 141 stepping 1 microcode 0x32, cmov, cx8, fxsr, mmx, sse, sse2, sse3, ssse3, sse4.1, sse4.2, popcnt, avx, avx2, aes, clmul, erms, 3dnowpref, lzcnt, ht, tsc, tscinvbit, bmi1, bmi2, adx, evex, sha, fma

Memory: 4k page, system-wide physical 16151M (1512M free)
TotalPageFile size 35150M (AvailPageFile size 6460M)
current process WorkingSet (physical memory assigned to process): 234M, peak: 234M
current process commit charge ("private bytes"): 450M, peak: 452M

vm_info: OpenJDK 64-Bit Server VM (11.0.14.1+10-LTS) for windows-amd64 JRE (11.0.14.1+10-LTS), built on Feb  8 2022 00:13:20 by "Administrator" with unknown MS VC++:1916

END.
